生成启动时间为 2018/4/26 19:37:11。
     1>项目“G:\InHouseSourceCode\LFAQ\LFAQ\Load\Load.vcxproj”在节点 2 上(Build 个目标)。
     1>ClCompile:
         I:\Program Files (x86)\Microsoft Visual Studio 12.0\VC\bin\CL.exe /c /I"G:\code\ccode\xerces-c-3.1.4\src" /I"H:\proteowizard-code\pwiz\libraries\boost_1_56_0" /I..\ProteinAbsoluteQuan /ZI /nologo /W3 /WX- /sdl /Od /Oy- /D WIN32 /D _DEBUG /D _CONSOLE /D _LIB /D _CRT_SECURE_NO_WARNINGS /D _UNICODE /D UNICODE /Gm /EHsc /RTC1 /MDd /GS /fp:precise /Zc:wchar_t /Zc:forScope /Yu"stdafx.h" /Fp"Debug\Load.pch" /Fo"Debug\\" /Fd"Debug\vc120.pdb" /Gd /TP /analyze- /errorReport:prompt ..\ProteinAbsoluteQuan\BasicClass.cpp DataIO.cpp MzQuantMLHandler.cpp QuantInformation.cpp load.cpp loadParam.cpp
         load.cpp
         DataIO.cpp
     1>g:\inhousesourcecode\lfaq\lfaq\load\dataio.cpp(174): warning C4244: “参数”: 从“double”转换到“unsigned int”，可能丢失数据
     1>g:\inhousesourcecode\lfaq\lfaq\load\dataio.cpp(233): warning C4018: “<”: 有符号/无符号不匹配
     1>g:\inhousesourcecode\lfaq\lfaq\load\dataio.cpp(243): warning C4018: “<”: 有符号/无符号不匹配
     1>g:\inhousesourcecode\lfaq\lfaq\load\dataio.cpp(793): warning C4018: “<”: 有符号/无符号不匹配
     1>g:\inhousesourcecode\lfaq\lfaq\load\dataio.cpp(942): warning C4018: “<”: 有符号/无符号不匹配
     1>g:\inhousesourcecode\lfaq\lfaq\load\dataio.cpp(816): warning C4101: “iNormalProteinsNumber”: 未引用的局部变量
     1>g:\inhousesourcecode\lfaq\lfaq\load\dataio.cpp(821): warning C4101: “pstr2”: 未引用的局部变量
     1>g:\inhousesourcecode\lfaq\lfaq\load\dataio.cpp(1182): warning C4018: “<”: 有符号/无符号不匹配
     1>g:\inhousesourcecode\lfaq\lfaq\load\dataio.cpp(1410): warning C4018: “<”: 有符号/无符号不匹配
     1>g:\inhousesourcecode\lfaq\lfaq\load\dataio.cpp(1473): warning C4018: “<”: 有符号/无符号不匹配
     1>g:\inhousesourcecode\lfaq\lfaq\load\dataio.cpp(1816): warning C4101: “toCatch”: 未引用的局部变量
     1>g:\inhousesourcecode\lfaq\lfaq\load\dataio.cpp(1885): warning C4018: “<”: 有符号/无符号不匹配
     1>g:\inhousesourcecode\lfaq\lfaq\load\dataio.cpp(1906): warning C4018: “<”: 有符号/无符号不匹配
     1>g:\inhousesourcecode\lfaq\lfaq\load\dataio.cpp(1947): warning C4018: “<”: 有符号/无符号不匹配
     1>g:\inhousesourcecode\lfaq\lfaq\load\dataio.cpp(1955): warning C4018: “<”: 有符号/无符号不匹配
     1>g:\inhousesourcecode\lfaq\lfaq\load\dataio.cpp(1963): warning C4018: “<”: 有符号/无符号不匹配
     1>g:\inhousesourcecode\lfaq\lfaq\load\dataio.cpp(2014): warning C4018: “<”: 有符号/无符号不匹配
     1>g:\inhousesourcecode\lfaq\lfaq\load\dataio.cpp(2066): warning C4018: “<”: 有符号/无符号不匹配
     1>g:\inhousesourcecode\lfaq\lfaq\load\dataio.cpp(2143): warning C4018: “<”: 有符号/无符号不匹配
     1>g:\inhousesourcecode\lfaq\lfaq\load\dataio.cpp(2164): warning C4018: “<”: 有符号/无符号不匹配
     1>g:\inhousesourcecode\lfaq\lfaq\load\dataio.cpp(2190): warning C4018: “<”: 有符号/无符号不匹配
     1>g:\inhousesourcecode\lfaq\lfaq\load\dataio.cpp(2266): warning C4018: “<”: 有符号/无符号不匹配
     1>g:\inhousesourcecode\lfaq\lfaq\load\dataio.cpp(2275): warning C4018: “<”: 有符号/无符号不匹配
     1>g:\inhousesourcecode\lfaq\lfaq\load\dataio.cpp(2278): warning C4018: “<”: 有符号/无符号不匹配
     1>g:\inhousesourcecode\lfaq\lfaq\load\dataio.cpp(2299): warning C4018: “<”: 有符号/无符号不匹配
     1>g:\inhousesourcecode\lfaq\lfaq\load\dataio.cpp(2315): warning C4018: “<”: 有符号/无符号不匹配
     1>g:\inhousesourcecode\lfaq\lfaq\load\dataio.cpp(2335): warning C4018: “<”: 有符号/无符号不匹配
     1>g:\inhousesourcecode\lfaq\lfaq\load\dataio.cpp(2338): warning C4018: “<”: 有符号/无符号不匹配
     1>g:\inhousesourcecode\lfaq\lfaq\load\dataio.cpp(2352): warning C4018: “<”: 有符号/无符号不匹配
     1>g:\inhousesourcecode\lfaq\lfaq\load\dataio.cpp(2359): warning C4018: “<”: 有符号/无符号不匹配
     1>g:\inhousesourcecode\lfaq\lfaq\load\dataio.cpp(2363): warning C4018: “<”: 有符号/无符号不匹配
     1>g:\inhousesourcecode\lfaq\lfaq\load\dataio.cpp(2402): warning C4018: “<”: 有符号/无符号不匹配
     1>g:\inhousesourcecode\lfaq\lfaq\load\dataio.cpp(2435): warning C4018: “<”: 有符号/无符号不匹配
     1>g:\inhousesourcecode\lfaq\lfaq\load\dataio.cpp(2439): warning C4018: “<”: 有符号/无符号不匹配
     1>g:\inhousesourcecode\lfaq\lfaq\load\dataio.cpp(2573): warning C4018: “<”: 有符号/无符号不匹配
     1>g:\inhousesourcecode\lfaq\lfaq\load\dataio.cpp(2583): warning C4018: “<”: 有符号/无符号不匹配
     1>g:\inhousesourcecode\lfaq\lfaq\load\dataio.cpp(2626): warning C4018: “<”: 有符号/无符号不匹配
     1>g:\inhousesourcecode\lfaq\lfaq\load\dataio.cpp(2501): warning C4101: “pstr1”: 未引用的局部变量
     1>g:\inhousesourcecode\lfaq\lfaq\load\dataio.cpp(2536): warning C4101: “bIfAppearedBefore”: 未引用的局部变量
     1>g:\inhousesourcecode\lfaq\lfaq\load\dataio.cpp(2709): warning C4018: “<”: 有符号/无符号不匹配
     1>g:\inhousesourcecode\lfaq\lfaq\load\dataio.cpp(2717): warning C4018: “<”: 有符号/无符号不匹配
         BasicClass.cpp
     1>g:\inhousesourcecode\lfaq\lfaq\proteinabsolutequan\basicclass.cpp(516): warning C4018: “<”: 有符号/无符号不匹配
     1>g:\inhousesourcecode\lfaq\lfaq\proteinabsolutequan\basicclass.cpp(605): warning C4018: “<”: 有符号/无符号不匹配
     1>g:\inhousesourcecode\lfaq\lfaq\proteinabsolutequan\basicclass.cpp(630): warning C4018: “<”: 有符号/无符号不匹配
     1>g:\inhousesourcecode\lfaq\lfaq\proteinabsolutequan\basicclass.cpp(673): warning C4244: “参数”: 从“double”转换到“unsigned int”，可能丢失数据
     1>g:\inhousesourcecode\lfaq\lfaq\proteinabsolutequan\basicclass.cpp(715): warning C4018: “<”: 有符号/无符号不匹配
     1>g:\inhousesourcecode\lfaq\lfaq\proteinabsolutequan\basicclass.cpp(774): warning C4244: “参数”: 从“double”转换到“unsigned int”，可能丢失数据
     1>g:\inhousesourcecode\lfaq\lfaq\proteinabsolutequan\basicclass.cpp(775): warning C4244: “参数”: 从“double”转换到“unsigned int”，可能丢失数据
     1>g:\inhousesourcecode\lfaq\lfaq\proteinabsolutequan\basicclass.cpp(776): warning C4244: “参数”: 从“double”转换到“unsigned int”，可能丢失数据
     1>g:\inhousesourcecode\lfaq\lfaq\proteinabsolutequan\basicclass.cpp(780): warning C4244: “参数”: 从“double”转换到“unsigned int”，可能丢失数据
     1>g:\inhousesourcecode\lfaq\lfaq\proteinabsolutequan\basicclass.cpp(782): warning C4244: “参数”: 从“double”转换到“unsigned int”，可能丢失数据
     1>g:\inhousesourcecode\lfaq\lfaq\proteinabsolutequan\basicclass.cpp(787): warning C4244: “参数”: 从“double”转换到“unsigned int”，可能丢失数据
     1>g:\inhousesourcecode\lfaq\lfaq\proteinabsolutequan\basicclass.cpp(788): warning C4244: “参数”: 从“double”转换到“unsigned int”，可能丢失数据
     1>g:\inhousesourcecode\lfaq\lfaq\proteinabsolutequan\basicclass.cpp(789): warning C4244: “参数”: 从“double”转换到“unsigned int”，可能丢失数据
     1>g:\inhousesourcecode\lfaq\lfaq\proteinabsolutequan\basicclass.cpp(888): warning C4800: “int”: 将值强制为布尔值“true”或“false”(性能警告)
     1>g:\inhousesourcecode\lfaq\lfaq\proteinabsolutequan\basicclass.cpp(958): warning C4018: “<”: 有符号/无符号不匹配
     1>g:\inhousesourcecode\lfaq\lfaq\proteinabsolutequan\basicclass.cpp(973): warning C4018: “<”: 有符号/无符号不匹配
         正在生成代码...
         正在编译...
         loadParam.cpp
     1>g:\inhousesourcecode\lfaq\lfaq\load\loadparam.cpp(240): warning C4806: “==”: 不安全操作: 从类型“bool”提升到类型“int”的值不能等于给定的常量
     1>g:\inhousesourcecode\lfaq\lfaq\load\loadparam.cpp(286): warning C4806: “==”: 不安全操作: 从类型“bool”提升到类型“int”的值不能等于给定的常量
         QuantInformation.cpp
         MzQuantMLHandler.cpp
     1>g:\inhousesourcecode\lfaq\lfaq\load\mzquantmlhandler.cpp(235): warning C4018: “<”: 有符号/无符号不匹配
         正在生成代码...
       Link:
         I:\Program Files (x86)\Microsoft Visual Studio 12.0\VC\bin\link.exe /ERRORREPORT:PROMPT /OUT:"G:\InHouseSourceCode\LFAQ\LFAQ\Debug\Load.exe" /INCREMENTAL /NOLOGO /LIBPATH:"G:\code\ccode\xerces-c-3.1.4\Build\Win32\VC12\Debug" "xerces-c_3_1D.lib" kernel32.lib user32.lib gdi32.lib winspool.lib comdlg32.lib advapi32.lib shell32.lib ole32.lib oleaut32.lib uuid.lib odbc32.lib odbccp32.lib /MANIFEST /MANIFESTUAC:"level='asInvoker' uiAccess='false'" /manifest:embed /DEBUG /PDB:"G:\InHouseSourceCode\LFAQ\LFAQ\Debug\Load.pdb" /SUBSYSTEM:CONSOLE /TLBID:1 /DYNAMICBASE /NXCOMPAT /IMPLIB:"G:\InHouseSourceCode\LFAQ\LFAQ\Debug\Load.lib" /MACHINE:X86 Debug\BasicClass.obj
         Debug\CLog.obj
         Debug\ControlledVocabulary.obj
         Debug\load.obj
         Debug\DataIO.obj
         Debug\loadParam.obj
         Debug\MzQuantMLHandler.obj
         Debug\QuantInformation.obj
         Debug\stdafx.obj
         Debug\CString.obj
         Debug\XMLHandler.obj
            正在创建库 G:\InHouseSourceCode\LFAQ\LFAQ\Debug\Load.lib 和对象 G:\InHouseSourceCode\LFAQ\LFAQ\Debug\Load.exp
     1>DataIO.obj : warning LNK4217: 本地定义的符号 ??2XMemory@xercesc_3_1@@SAPAXI@Z (public: static void * __cdecl xercesc_3_1::XMemory::operator new(unsigned int)) 在函数 __catch$?parse_@CloadmzQuantMLIO@@IAEXABVString@@PAVXMLHandler@@@Z$0 中导入
     1>DataIO.obj : warning LNK4217: 本地定义的符号 ??3XMemory@xercesc_3_1@@SAXPAX@Z (public: static void __cdecl xercesc_3_1::XMemory::operator delete(void *)) 在函数 "public: virtual void * __thiscall xercesc_3_1::LocalFileInputSource::`scalar deleting destructor'(unsigned int)" (??_GLocalFileInputSource@xercesc_3_1@@UAEPAXI@Z) 中导入
     1>DataIO.obj : warning LNK4217: 本地定义的符号 ?Initialize@XMLPlatformUtils@xercesc_3_1@@SAXQBD0QAVPanicHandler@2@QAVMemoryManager@2@@Z (public: static void __cdecl xercesc_3_1::XMLPlatformUtils::Initialize(char const * const,char const * const,class xercesc_3_1::PanicHandler * const,class xercesc_3_1::MemoryManager * const)) 在函数 "protected: void __thiscall CloadmzQuantMLIO::parse_(class String const &,class XMLHandler *)" (?parse_@CloadmzQuantMLIO@@IAEXABVString@@PAVXMLHandler@@@Z) 中导入
     1>DataIO.obj : warning LNK4217: 本地定义的符号 ?transcode@XMLString@xercesc_3_1@@SAPA_WQBDQAVMemoryManager@2@@Z (public: static wchar_t * __cdecl xercesc_3_1::XMLString::transcode(char const * const,class xercesc_3_1::MemoryManager * const)) 在函数 __catch$?parse_@CloadmzQuantMLIO@@IAEXABVString@@PAVXMLHandler@@@Z$0 中导入
     1>MzQuantMLHandler.obj : warning LNK4049: 已导入本地定义的符号 ?transcode@XMLString@xercesc_3_1@@SAPA_WQBDQAVMemoryManager@2@@Z (public: static wchar_t * __cdecl xercesc_3_1::XMLString::transcode(char const * const,class xercesc_3_1::MemoryManager * const))
     1>DataIO.obj : warning LNK4217: 本地定义的符号 ??0LocalFileInputSource@xercesc_3_1@@QAE@QB_WQAVMemoryManager@1@@Z (public: __thiscall xercesc_3_1::LocalFileInputSource::LocalFileInputSource(wchar_t const * const,class xercesc_3_1::MemoryManager * const)) 在函数 __catch$?parse_@CloadmzQuantMLIO@@IAEXABVString@@PAVXMLHandler@@@Z$0 中导入
     1>DataIO.obj : warning LNK4217: 本地定义的符号 ??1LocalFileInputSource@xercesc_3_1@@UAE@XZ (public: virtual __thiscall xercesc_3_1::LocalFileInputSource::~LocalFileInputSource(void)) 在函数 "public: virtual void * __thiscall xercesc_3_1::LocalFileInputSource::`scalar deleting destructor'(unsigned int)" (??_GLocalFileInputSource@xercesc_3_1@@UAEPAXI@Z) 中导入
     1>DataIO.obj : warning LNK4217: 本地定义的符号 ?createXMLReader@XMLReaderFactory@xercesc_3_1@@SAPAVSAX2XMLReader@2@QAVMemoryManager@2@QAVXMLGrammarPool@2@@Z (public: static class xercesc_3_1::SAX2XMLReader * __cdecl xercesc_3_1::XMLReaderFactory::createXMLReader(class xercesc_3_1::MemoryManager * const,class xercesc_3_1::XMLGrammarPool * const)) 在函数 __catch$?parse_@CloadmzQuantMLIO@@IAEXABVString@@PAVXMLHandler@@@Z$0 中导入
     1>DataIO.obj : warning LNK4049: 已导入本地定义的符号 ?fgSAX2CoreNameSpaces@XMLUni@xercesc_3_1@@2QB_WB (public: static wchar_t const * const xercesc_3_1::XMLUni::fgSAX2CoreNameSpaces)
     1>DataIO.obj : warning LNK4049: 已导入本地定义的符号 ?fgSAX2CoreNameSpacePrefixes@XMLUni@xercesc_3_1@@2QB_WB (public: static wchar_t const * const xercesc_3_1::XMLUni::fgSAX2CoreNameSpacePrefixes)
     1>DataIO.obj : warning LNK4049: 已导入本地定义的符号 ?fgXercescDefaultLocale@XMLUni@xercesc_3_1@@2QBDB (public: static char const * const xercesc_3_1::XMLUni::fgXercescDefaultLocale)
     1>DataIO.obj : warning LNK4049: 已导入本地定义的符号 ?fgMemoryManager@XMLPlatformUtils@xercesc_3_1@@2PAVMemoryManager@2@A (public: static class xercesc_3_1::MemoryManager * xercesc_3_1::XMLPlatformUtils::fgMemoryManager)
     1>MzQuantMLHandler.obj : warning LNK4049: 已导入本地定义的符号 ?fgMemoryManager@XMLPlatformUtils@xercesc_3_1@@2PAVMemoryManager@2@A (public: static class xercesc_3_1::MemoryManager * xercesc_3_1::XMLPlatformUtils::fgMemoryManager)
     1>XMLHandler.obj : warning LNK4049: 已导入本地定义的符号 ?fgMemoryManager@XMLPlatformUtils@xercesc_3_1@@2PAVMemoryManager@2@A (public: static class xercesc_3_1::MemoryManager * xercesc_3_1::XMLPlatformUtils::fgMemoryManager)
     1>MzQuantMLHandler.obj : warning LNK4217: 本地定义的符号 ?transcode@XMLString@xercesc_3_1@@SAPADQB_WQAVMemoryManager@2@@Z (public: static char * __cdecl xercesc_3_1::XMLString::transcode(wchar_t const * const,class xercesc_3_1::MemoryManager * const)) 在函数 "protected: char * __thiscall XMLHandler::attributeAsString_(class xercesc_3_1::Attributes const &,char const *)const " (?attributeAsString_@XMLHandler@@IBEPADABVAttributes@xercesc_3_1@@PBD@Z) 中导入
     1>XMLHandler.obj : warning LNK4217: 本地定义的符号 ?release@XMLString@xercesc_3_1@@SAXPAPADQAVMemoryManager@2@@Z (public: static void __cdecl xercesc_3_1::XMLString::release(char * *,class xercesc_3_1::MemoryManager * const)) 在函数 "public: void __thiscall XMLHandler::reset(void)" (?reset@XMLHandler@@QAEXXZ) 中导入
     1>XMLHandler.obj : warning LNK4217: 本地定义的符号 ?release@XMLString@xercesc_3_1@@SAXPAPA_WQAVMemoryManager@2@@Z (public: static void __cdecl xercesc_3_1::XMLString::release(wchar_t * *,class xercesc_3_1::MemoryManager * const)) 在函数 "public: void __thiscall XMLHandler::reset(void)" (?reset@XMLHandler@@QAEXXZ) 中导入
     1>XMLHandler.obj : warning LNK4217: 本地定义的符号 ??0DefaultHandler@xercesc_3_1@@QAE@XZ (public: __thiscall xercesc_3_1::DefaultHandler::DefaultHandler(void)) 在函数 "public: __thiscall XMLHandler::XMLHandler(class std::basic_string<char,struct std::char_traits<char>,class std::allocator<char> > const &)" (??0XMLHandler@@QAE@ABV?$basic_string@DU?$char_traits@D@std@@V?$allocator@D@2@@std@@@Z) 中导入
     1>XMLHandler.obj : warning LNK4217: 本地定义的符号 ??1DefaultHandler@xercesc_3_1@@UAE@XZ (public: virtual __thiscall xercesc_3_1::DefaultHandler::~DefaultHandler(void)) 在函数 __unwindfunclet$??0XMLHandler@@QAE@ABV?$basic_string@DU?$char_traits@D@std@@V?$allocator@D@2@@std@@@Z$0 中导入
     1>xerces-c_3_1D.lib(Base64.obj) : warning LNK4099: 未找到 PDB“xerceslib_vc120.pdb”(使用“xerces-c_3_1D.lib(Base64.obj)”或在“G:\InHouseSourceCode\LFAQ\LFAQ\Debug\xerceslib_vc120.pdb”中寻找)；正在链接对象，如同没有调试信息一样
     1>xerces-c_3_1D.lib(BinFileInputStream.obj) : warning LNK4099: 未找到 PDB“xerceslib_vc120.pdb”(使用“xerces-c_3_1D.lib(BinFileInputStream.obj)”或在“G:\InHouseSourceCode\LFAQ\LFAQ\Debug\xerceslib_vc120.pdb”中寻找)；正在链接对象，如同没有调试信息一样
     1>xerces-c_3_1D.lib(BinInputStream.obj) : warning LNK4099: 未找到 PDB“xerceslib_vc120.pdb”(使用“xerces-c_3_1D.lib(BinInputStream.obj)”或在“G:\InHouseSourceCode\LFAQ\LFAQ\Debug\xerceslib_vc120.pdb”中寻找)；正在链接对象，如同没有调试信息一样
     1>xerces-c_3_1D.lib(BinMemInputStream.obj) : warning LNK4099: 未找到 PDB“xerceslib_vc120.pdb”(使用“xerces-c_3_1D.lib(BinMemInputStream.obj)”或在“G:\InHouseSourceCode\LFAQ\LFAQ\Debug\xerceslib_vc120.pdb”中寻找)；正在链接对象，如同没有调试信息一样
     1>xerces-c_3_1D.lib(DefaultPanicHandler.obj) : warning LNK4099: 未找到 PDB“xerceslib_vc120.pdb”(使用“xerces-c_3_1D.lib(DefaultPanicHandler.obj)”或在“G:\InHouseSourceCode\LFAQ\LFAQ\Debug\xerceslib_vc120.pdb”中寻找)；正在链接对象，如同没有调试信息一样
     1>xerces-c_3_1D.lib(EncodingValidator.obj) : warning LNK4099: 未找到 PDB“xerceslib_vc120.pdb”(使用“xerces-c_3_1D.lib(EncodingValidator.obj)”或在“G:\InHouseSourceCode\LFAQ\LFAQ\Debug\xerceslib_vc120.pdb”中寻找)；正在链接对象，如同没有调试信息一样
     1>xerces-c_3_1D.lib(HexBin.obj) : warning LNK4099: 未找到 PDB“xerceslib_vc120.pdb”(使用“xerces-c_3_1D.lib(HexBin.obj)”或在“G:\InHouseSourceCode\LFAQ\LFAQ\Debug\xerceslib_vc120.pdb”中寻找)；正在链接对象，如同没有调试信息一样
     1>xerces-c_3_1D.lib(KVStringPair.obj) : warning LNK4099: 未找到 PDB“xerceslib_vc120.pdb”(使用“xerces-c_3_1D.lib(KVStringPair.obj)”或在“G:\InHouseSourceCode\LFAQ\LFAQ\Debug\xerceslib_vc120.pdb”中寻找)；正在链接对象，如同没有调试信息一样
     1>xerces-c_3_1D.lib(Mutexes.obj) : warning LNK4099: 未找到 PDB“xerceslib_vc120.pdb”(使用“xerces-c_3_1D.lib(Mutexes.obj)”或在“G:\InHouseSourceCode\LFAQ\LFAQ\Debug\xerceslib_vc120.pdb”中寻找)；正在链接对象，如同没有调试信息一样
     1>xerces-c_3_1D.lib(PanicHandler.obj) : warning LNK4099: 未找到 PDB“xerceslib_vc120.pdb”(使用“xerces-c_3_1D.lib(PanicHandler.obj)”或在“G:\InHouseSourceCode\LFAQ\LFAQ\Debug\xerceslib_vc120.pdb”中寻找)；正在链接对象，如同没有调试信息一样
     1>xerces-c_3_1D.lib(PlatformUtils.obj) : warning LNK4099: 未找到 PDB“xerceslib_vc120.pdb”(使用“xerces-c_3_1D.lib(PlatformUtils.obj)”或在“G:\InHouseSourceCode\LFAQ\LFAQ\Debug\xerceslib_vc120.pdb”中寻找)；正在链接对象，如同没有调试信息一样
     1>xerces-c_3_1D.lib(QName.obj) : warning LNK4099: 未找到 PDB“xerceslib_vc120.pdb”(使用“xerces-c_3_1D.lib(QName.obj)”或在“G:\InHouseSourceCode\LFAQ\LFAQ\Debug\xerceslib_vc120.pdb”中寻找)；正在链接对象，如同没有调试信息一样
     1>xerces-c_3_1D.lib(StringPool.obj) : warning LNK4099: 未找到 PDB“xerceslib_vc120.pdb”(使用“xerces-c_3_1D.lib(StringPool.obj)”或在“G:\InHouseSourceCode\LFAQ\LFAQ\Debug\xerceslib_vc120.pdb”中寻找)；正在链接对象，如同没有调试信息一样
     1>xerces-c_3_1D.lib(SynchronizedStringPool.obj) : warning LNK4099: 未找到 PDB“xerceslib_vc120.pdb”(使用“xerces-c_3_1D.lib(SynchronizedStringPool.obj)”或在“G:\InHouseSourceCode\LFAQ\LFAQ\Debug\xerceslib_vc120.pdb”中寻找)；正在链接对象，如同没有调试信息一样
     1>xerces-c_3_1D.lib(TransService.obj) : warning LNK4099: 未找到 PDB“xerceslib_vc120.pdb”(使用“xerces-c_3_1D.lib(TransService.obj)”或在“G:\InHouseSourceCode\LFAQ\LFAQ\Debug\xerceslib_vc120.pdb”中寻找)；正在链接对象，如同没有调试信息一样
     1>xerces-c_3_1D.lib(XMemory.obj) : warning LNK4099: 未找到 PDB“xerceslib_vc120.pdb”(使用“xerces-c_3_1D.lib(XMemory.obj)”或在“G:\InHouseSourceCode\LFAQ\LFAQ\Debug\xerceslib_vc120.pdb”中寻找)；正在链接对象，如同没有调试信息一样
     1>xerces-c_3_1D.lib(XML256TableTranscoder.obj) : warning LNK4099: 未找到 PDB“xerceslib_vc120.pdb”(使用“xerces-c_3_1D.lib(XML256TableTranscoder.obj)”或在“G:\InHouseSourceCode\LFAQ\LFAQ\Debug\xerceslib_vc120.pdb”中寻找)；正在链接对象，如同没有调试信息一样
     1>xerces-c_3_1D.lib(XML88591Transcoder.obj) : warning LNK4099: 未找到 PDB“xerceslib_vc120.pdb”(使用“xerces-c_3_1D.lib(XML88591Transcoder.obj)”或在“G:\InHouseSourceCode\LFAQ\LFAQ\Debug\xerceslib_vc120.pdb”中寻找)；正在链接对象，如同没有调试信息一样
     1>xerces-c_3_1D.lib(XMLAbstractDoubleFloat.obj) : warning LNK4099: 未找到 PDB“xerceslib_vc120.pdb”(使用“xerces-c_3_1D.lib(XMLAbstractDoubleFloat.obj)”或在“G:\InHouseSourceCode\LFAQ\LFAQ\Debug\xerceslib_vc120.pdb”中寻找)；正在链接对象，如同没有调试信息一样
     1>xerces-c_3_1D.lib(XMLASCIITranscoder.obj) : warning LNK4099: 未找到 PDB“xerceslib_vc120.pdb”(使用“xerces-c_3_1D.lib(XMLASCIITranscoder.obj)”或在“G:\InHouseSourceCode\LFAQ\LFAQ\Debug\xerceslib_vc120.pdb”中寻找)；正在链接对象，如同没有调试信息一样
     1>xerces-c_3_1D.lib(XMLBigDecimal.obj) : warning LNK4099: 未找到 PDB“xerceslib_vc120.pdb”(使用“xerces-c_3_1D.lib(XMLBigDecimal.obj)”或在“G:\InHouseSourceCode\LFAQ\LFAQ\Debug\xerceslib_vc120.pdb”中寻找)；正在链接对象，如同没有调试信息一样
     1>xerces-c_3_1D.lib(XMLBigInteger.obj) : warning LNK4099: 未找到 PDB“xerceslib_vc120.pdb”(使用“xerces-c_3_1D.lib(XMLBigInteger.obj)”或在“G:\InHouseSourceCode\LFAQ\LFAQ\Debug\xerceslib_vc120.pdb”中寻找)；正在链接对象，如同没有调试信息一样
     1>xerces-c_3_1D.lib(XMLChar.obj) : warning LNK4099: 未找到 PDB“xerceslib_vc120.pdb”(使用“xerces-c_3_1D.lib(XMLChar.obj)”或在“G:\InHouseSourceCode\LFAQ\LFAQ\Debug\xerceslib_vc120.pdb”中寻找)；正在链接对象，如同没有调试信息一样
     1>xerces-c_3_1D.lib(XMLChTranscoder.obj) : warning LNK4099: 未找到 PDB“xerceslib_vc120.pdb”(使用“xerces-c_3_1D.lib(XMLChTranscoder.obj)”或在“G:\InHouseSourceCode\LFAQ\LFAQ\Debug\xerceslib_vc120.pdb”中寻找)；正在链接对象，如同没有调试信息一样
     1>xerces-c_3_1D.lib(XMLDateTime.obj) : warning LNK4099: 未找到 PDB“xerceslib_vc120.pdb”(使用“xerces-c_3_1D.lib(XMLDateTime.obj)”或在“G:\InHouseSourceCode\LFAQ\LFAQ\Debug\xerceslib_vc120.pdb”中寻找)；正在链接对象，如同没有调试信息一样
     1>xerces-c_3_1D.lib(XMLDouble.obj) : warning LNK4099: 未找到 PDB“xerceslib_vc120.pdb”(使用“xerces-c_3_1D.lib(XMLDouble.obj)”或在“G:\InHouseSourceCode\LFAQ\LFAQ\Debug\xerceslib_vc120.pdb”中寻找)；正在链接对象，如同没有调试信息一样
     1>xerces-c_3_1D.lib(XMLEBCDICTranscoder.obj) : warning LNK4099: 未找到 PDB“xerceslib_vc120.pdb”(使用“xerces-c_3_1D.lib(XMLEBCDICTranscoder.obj)”或在“G:\InHouseSourceCode\LFAQ\LFAQ\Debug\xerceslib_vc120.pdb”中寻找)；正在链接对象，如同没有调试信息一样
     1>xerces-c_3_1D.lib(XMLException.obj) : warning LNK4099: 未找到 PDB“xerceslib_vc120.pdb”(使用“xerces-c_3_1D.lib(XMLException.obj)”或在“G:\InHouseSourceCode\LFAQ\LFAQ\Debug\xerceslib_vc120.pdb”中寻找)；正在链接对象，如同没有调试信息一样
     1>xerces-c_3_1D.lib(XMLFloat.obj) : warning LNK4099: 未找到 PDB“xerceslib_vc120.pdb”(使用“xerces-c_3_1D.lib(XMLFloat.obj)”或在“G:\InHouseSourceCode\LFAQ\LFAQ\Debug\xerceslib_vc120.pdb”中寻找)；正在链接对象，如同没有调试信息一样
     1>xerces-c_3_1D.lib(XMLIBM1047Transcoder.obj) : warning LNK4099: 未找到 PDB“xerceslib_vc120.pdb”(使用“xerces-c_3_1D.lib(XMLIBM1047Transcoder.obj)”或在“G:\InHouseSourceCode\LFAQ\LFAQ\Debug\xerceslib_vc120.pdb”中寻找)；正在链接对象，如同没有调试信息一样
     1>xerces-c_3_1D.lib(XMLIBM1140Transcoder.obj) : warning LNK4099: 未找到 PDB“xerceslib_vc120.pdb”(使用“xerces-c_3_1D.lib(XMLIBM1140Transcoder.obj)”或在“G:\InHouseSourceCode\LFAQ\LFAQ\Debug\xerceslib_vc120.pdb”中寻找)；正在链接对象，如同没有调试信息一样
     1>xerces-c_3_1D.lib(XMLInitializer.obj) : warning LNK4099: 未找到 PDB“xerceslib_vc120.pdb”(使用“xerces-c_3_1D.lib(XMLInitializer.obj)”或在“G:\InHouseSourceCode\LFAQ\LFAQ\Debug\xerceslib_vc120.pdb”中寻找)；正在链接对象，如同没有调试信息一样
     1>xerces-c_3_1D.lib(XMLMsgLoader.obj) : warning LNK4099: 未找到 PDB“xerceslib_vc120.pdb”(使用“xerces-c_3_1D.lib(XMLMsgLoader.obj)”或在“G:\InHouseSourceCode\LFAQ\LFAQ\Debug\xerceslib_vc120.pdb”中寻找)；正在链接对象，如同没有调试信息一样
     1>xerces-c_3_1D.lib(XMLNumber.obj) : warning LNK4099: 未找到 PDB“xerceslib_vc120.pdb”(使用“xerces-c_3_1D.lib(XMLNumber.obj)”或在“G:\InHouseSourceCode\LFAQ\LFAQ\Debug\xerceslib_vc120.pdb”中寻找)；正在链接对象，如同没有调试信息一样
     1>xerces-c_3_1D.lib(XMLString.obj) : warning LNK4099: 未找到 PDB“xerceslib_vc120.pdb”(使用“xerces-c_3_1D.lib(XMLString.obj)”或在“G:\InHouseSourceCode\LFAQ\LFAQ\Debug\xerceslib_vc120.pdb”中寻找)；正在链接对象，如同没有调试信息一样
     1>xerces-c_3_1D.lib(XMLStringTokenizer.obj) : warning LNK4099: 未找到 PDB“xerceslib_vc120.pdb”(使用“xerces-c_3_1D.lib(XMLStringTokenizer.obj)”或在“G:\InHouseSourceCode\LFAQ\LFAQ\Debug\xerceslib_vc120.pdb”中寻找)；正在链接对象，如同没有调试信息一样
     1>xerces-c_3_1D.lib(XMLUCS4Transcoder.obj) : warning LNK4099: 未找到 PDB“xerceslib_vc120.pdb”(使用“xerces-c_3_1D.lib(XMLUCS4Transcoder.obj)”或在“G:\InHouseSourceCode\LFAQ\LFAQ\Debug\xerceslib_vc120.pdb”中寻找)；正在链接对象，如同没有调试信息一样
     1>xerces-c_3_1D.lib(XMLUni.obj) : warning LNK4099: 未找到 PDB“xerceslib_vc120.pdb”(使用“xerces-c_3_1D.lib(XMLUni.obj)”或在“G:\InHouseSourceCode\LFAQ\LFAQ\Debug\xerceslib_vc120.pdb”中寻找)；正在链接对象，如同没有调试信息一样
     1>xerces-c_3_1D.lib(XMLUri.obj) : warning LNK4099: 未找到 PDB“xerceslib_vc120.pdb”(使用“xerces-c_3_1D.lib(XMLUri.obj)”或在“G:\InHouseSourceCode\LFAQ\LFAQ\Debug\xerceslib_vc120.pdb”中寻找)；正在链接对象，如同没有调试信息一样
     1>xerces-c_3_1D.lib(XMLURL.obj) : warning LNK4099: 未找到 PDB“xerceslib_vc120.pdb”(使用“xerces-c_3_1D.lib(XMLURL.obj)”或在“G:\InHouseSourceCode\LFAQ\LFAQ\Debug\xerceslib_vc120.pdb”中寻找)；正在链接对象，如同没有调试信息一样
     1>xerces-c_3_1D.lib(XMLUTF16Transcoder.obj) : warning LNK4099: 未找到 PDB“xerceslib_vc120.pdb”(使用“xerces-c_3_1D.lib(XMLUTF16Transcoder.obj)”或在“G:\InHouseSourceCode\LFAQ\LFAQ\Debug\xerceslib_vc120.pdb”中寻找)；正在链接对象，如同没有调试信息一样
     1>xerces-c_3_1D.lib(XMLUTF8Transcoder.obj) : warning LNK4099: 未找到 PDB“xerceslib_vc120.pdb”(使用“xerces-c_3_1D.lib(XMLUTF8Transcoder.obj)”或在“G:\InHouseSourceCode\LFAQ\LFAQ\Debug\xerceslib_vc120.pdb”中寻找)；正在链接对象，如同没有调试信息一样
     1>xerces-c_3_1D.lib(XMLWin1252Transcoder.obj) : warning LNK4099: 未找到 PDB“xerceslib_vc120.pdb”(使用“xerces-c_3_1D.lib(XMLWin1252Transcoder.obj)”或在“G:\InHouseSourceCode\LFAQ\LFAQ\Debug\xerceslib_vc120.pdb”中寻找)；正在链接对象，如同没有调试信息一样
     1>xerces-c_3_1D.lib(Win32MsgLoader.obj) : warning LNK4099: 未找到 PDB“xerceslib_vc120.pdb”(使用“xerces-c_3_1D.lib(Win32MsgLoader.obj)”或在“G:\InHouseSourceCode\LFAQ\LFAQ\Debug\xerceslib_vc120.pdb”中寻找)；正在链接对象，如同没有调试信息一样
     1>xerces-c_3_1D.lib(Win32TransService.obj) : warning LNK4099: 未找到 PDB“xerceslib_vc120.pdb”(使用“xerces-c_3_1D.lib(Win32TransService.obj)”或在“G:\InHouseSourceCode\LFAQ\LFAQ\Debug\xerceslib_vc120.pdb”中寻找)；正在链接对象，如同没有调试信息一样
     1>xerces-c_3_1D.lib(BinHTTPInputStreamCommon.obj) : warning LNK4099: 未找到 PDB“xerceslib_vc120.pdb”(使用“xerces-c_3_1D.lib(BinHTTPInputStreamCommon.obj)”或在“G:\InHouseSourceCode\LFAQ\LFAQ\Debug\xerceslib_vc120.pdb”中寻找)；正在链接对象，如同没有调试信息一样
     1>xerces-c_3_1D.lib(BinHTTPURLInputStream.obj) : warning LNK4099: 未找到 PDB“xerceslib_vc120.pdb”(使用“xerces-c_3_1D.lib(BinHTTPURLInputStream.obj)”或在“G:\InHouseSourceCode\LFAQ\LFAQ\Debug\xerceslib_vc120.pdb”中寻找)；正在链接对象，如同没有调试信息一样
     1>xerces-c_3_1D.lib(WinSockNetAccessor.obj) : warning LNK4099: 未找到 PDB“xerceslib_vc120.pdb”(使用“xerces-c_3_1D.lib(WinSockNetAccessor.obj)”或在“G:\InHouseSourceCode\LFAQ\LFAQ\Debug\xerceslib_vc120.pdb”中寻找)；正在链接对象，如同没有调试信息一样
     1>xerces-c_3_1D.lib(ASCIIRangeFactory.obj) : warning LNK4099: 未找到 PDB“xerceslib_vc120.pdb”(使用“xerces-c_3_1D.lib(ASCIIRangeFactory.obj)”或在“G:\InHouseSourceCode\LFAQ\LFAQ\Debug\xerceslib_vc120.pdb”中寻找)；正在链接对象，如同没有调试信息一样
     1>xerces-c_3_1D.lib(BlockRangeFactory.obj) : warning LNK4099: 未找到 PDB“xerceslib_vc120.pdb”(使用“xerces-c_3_1D.lib(BlockRangeFactory.obj)”或在“G:\InHouseSourceCode\LFAQ\LFAQ\Debug\xerceslib_vc120.pdb”中寻找)；正在链接对象，如同没有调试信息一样
     1>xerces-c_3_1D.lib(BMPattern.obj) : warning LNK4099: 未找到 PDB“xerceslib_vc120.pdb”(使用“xerces-c_3_1D.lib(BMPattern.obj)”或在“G:\InHouseSourceCode\LFAQ\LFAQ\Debug\xerceslib_vc120.pdb”中寻找)；正在链接对象，如同没有调试信息一样
     1>xerces-c_3_1D.lib(CharToken.obj) : warning LNK4099: 未找到 PDB“xerceslib_vc120.pdb”(使用“xerces-c_3_1D.lib(CharToken.obj)”或在“G:\InHouseSourceCode\LFAQ\LFAQ\Debug\xerceslib_vc120.pdb”中寻找)；正在链接对象，如同没有调试信息一样
     1>xerces-c_3_1D.lib(ClosureToken.obj) : warning LNK4099: 未找到 PDB“xerceslib_vc120.pdb”(使用“xerces-c_3_1D.lib(ClosureToken.obj)”或在“G:\InHouseSourceCode\LFAQ\LFAQ\Debug\xerceslib_vc120.pdb”中寻找)；正在链接对象，如同没有调试信息一样
     1>xerces-c_3_1D.lib(ConcatToken.obj) : warning LNK4099: 未找到 PDB“xerceslib_vc120.pdb”(使用“xerces-c_3_1D.lib(ConcatToken.obj)”或在“G:\InHouseSourceCode\LFAQ\LFAQ\Debug\xerceslib_vc120.pdb”中寻找)；正在链接对象，如同没有调试信息一样
     1>xerces-c_3_1D.lib(Match.obj) : warning LNK4099: 未找到 PDB“xerceslib_vc120.pdb”(使用“xerces-c_3_1D.lib(Match.obj)”或在“G:\InHouseSourceCode\LFAQ\LFAQ\Debug\xerceslib_vc120.pdb”中寻找)；正在链接对象，如同没有调试信息一样
     1>xerces-c_3_1D.lib(Op.obj) : warning LNK4099: 未找到 PDB“xerceslib_vc120.pdb”(使用“xerces-c_3_1D.lib(Op.obj)”或在“G:\InHouseSourceCode\LFAQ\LFAQ\Debug\xerceslib_vc120.pdb”中寻找)；正在链接对象，如同没有调试信息一样
     1>xerces-c_3_1D.lib(OpFactory.obj) : warning LNK4099: 未找到 PDB“xerceslib_vc120.pdb”(使用“xerces-c_3_1D.lib(OpFactory.obj)”或在“G:\InHouseSourceCode\LFAQ\LFAQ\Debug\xerceslib_vc120.pdb”中寻找)；正在链接对象，如同没有调试信息一样
     1>xerces-c_3_1D.lib(ParenToken.obj) : warning LNK4099: 未找到 PDB“xerceslib_vc120.pdb”(使用“xerces-c_3_1D.lib(ParenToken.obj)”或在“G:\InHouseSourceCode\LFAQ\LFAQ\Debug\xerceslib_vc120.pdb”中寻找)；正在链接对象，如同没有调试信息一样
     1>xerces-c_3_1D.lib(ParserForXMLSchema.obj) : warning LNK4099: 未找到 PDB“xerceslib_vc120.pdb”(使用“xerces-c_3_1D.lib(ParserForXMLSchema.obj)”或在“G:\InHouseSourceCode\LFAQ\LFAQ\Debug\xerceslib_vc120.pdb”中寻找)；正在链接对象，如同没有调试信息一样
     1>xerces-c_3_1D.lib(RangeFactory.obj) : warning LNK4099: 未找到 PDB“xerceslib_vc120.pdb”(使用“xerces-c_3_1D.lib(RangeFactory.obj)”或在“G:\InHouseSourceCode\LFAQ\LFAQ\Debug\xerceslib_vc120.pdb”中寻找)；正在链接对象，如同没有调试信息一样
     1>xerces-c_3_1D.lib(RangeToken.obj) : warning LNK4099: 未找到 PDB“xerceslib_vc120.pdb”(使用“xerces-c_3_1D.lib(RangeToken.obj)”或在“G:\InHouseSourceCode\LFAQ\LFAQ\Debug\xerceslib_vc120.pdb”中寻找)；正在链接对象，如同没有调试信息一样
     1>xerces-c_3_1D.lib(RangeTokenMap.obj) : warning LNK4099: 未找到 PDB“xerceslib_vc120.pdb”(使用“xerces-c_3_1D.lib(RangeTokenMap.obj)”或在“G:\InHouseSourceCode\LFAQ\LFAQ\Debug\xerceslib_vc120.pdb”中寻找)；正在链接对象，如同没有调试信息一样
     1>xerces-c_3_1D.lib(RegularExpression.obj) : warning LNK4099: 未找到 PDB“xerceslib_vc120.pdb”(使用“xerces-c_3_1D.lib(RegularExpression.obj)”或在“G:\InHouseSourceCode\LFAQ\LFAQ\Debug\xerceslib_vc120.pdb”中寻找)；正在链接对象，如同没有调试信息一样
     1>xerces-c_3_1D.lib(RegxParser.obj) : warning LNK4099: 未找到 PDB“xerceslib_vc120.pdb”(使用“xerces-c_3_1D.lib(RegxParser.obj)”或在“G:\InHouseSourceCode\LFAQ\LFAQ\Debug\xerceslib_vc120.pdb”中寻找)；正在链接对象，如同没有调试信息一样
     1>xerces-c_3_1D.lib(RegxUtil.obj) : warning LNK4099: 未找到 PDB“xerceslib_vc120.pdb”(使用“xerces-c_3_1D.lib(RegxUtil.obj)”或在“G:\InHouseSourceCode\LFAQ\LFAQ\Debug\xerceslib_vc120.pdb”中寻找)；正在链接对象，如同没有调试信息一样
     1>xerces-c_3_1D.lib(StringToken.obj) : warning LNK4099: 未找到 PDB“xerceslib_vc120.pdb”(使用“xerces-c_3_1D.lib(StringToken.obj)”或在“G:\InHouseSourceCode\LFAQ\LFAQ\Debug\xerceslib_vc120.pdb”中寻找)；正在链接对象，如同没有调试信息一样
     1>xerces-c_3_1D.lib(Token.obj) : warning LNK4099: 未找到 PDB“xerceslib_vc120.pdb”(使用“xerces-c_3_1D.lib(Token.obj)”或在“G:\InHouseSourceCode\LFAQ\LFAQ\Debug\xerceslib_vc120.pdb”中寻找)；正在链接对象，如同没有调试信息一样
     1>xerces-c_3_1D.lib(TokenFactory.obj) : warning LNK4099: 未找到 PDB“xerceslib_vc120.pdb”(使用“xerces-c_3_1D.lib(TokenFactory.obj)”或在“G:\InHouseSourceCode\LFAQ\LFAQ\Debug\xerceslib_vc120.pdb”中寻找)；正在链接对象，如同没有调试信息一样
     1>xerces-c_3_1D.lib(UnicodeRangeFactory.obj) : warning LNK4099: 未找到 PDB“xerceslib_vc120.pdb”(使用“xerces-c_3_1D.lib(UnicodeRangeFactory.obj)”或在“G:\InHouseSourceCode\LFAQ\LFAQ\Debug\xerceslib_vc120.pdb”中寻找)；正在链接对象，如同没有调试信息一样
     1>xerces-c_3_1D.lib(UnionToken.obj) : warning LNK4099: 未找到 PDB“xerceslib_vc120.pdb”(使用“xerces-c_3_1D.lib(UnionToken.obj)”或在“G:\InHouseSourceCode\LFAQ\LFAQ\Debug\xerceslib_vc120.pdb”中寻找)；正在链接对象，如同没有调试信息一样
     1>xerces-c_3_1D.lib(XMLRangeFactory.obj) : warning LNK4099: 未找到 PDB“xerceslib_vc120.pdb”(使用“xerces-c_3_1D.lib(XMLRangeFactory.obj)”或在“G:\InHouseSourceCode\LFAQ\LFAQ\Debug\xerceslib_vc120.pdb”中寻找)；正在链接对象，如同没有调试信息一样
     1>xerces-c_3_1D.lib(XMLUniCharacter.obj) : warning LNK4099: 未找到 PDB“xerceslib_vc120.pdb”(使用“xerces-c_3_1D.lib(XMLUniCharacter.obj)”或在“G:\InHouseSourceCode\LFAQ\LFAQ\Debug\xerceslib_vc120.pdb”中寻找)；正在链接对象，如同没有调试信息一样
     1>xerces-c_3_1D.lib(WindowsFileMgr.obj) : warning LNK4099: 未找到 PDB“xerceslib_vc120.pdb”(使用“xerces-c_3_1D.lib(WindowsFileMgr.obj)”或在“G:\InHouseSourceCode\LFAQ\LFAQ\Debug\xerceslib_vc120.pdb”中寻找)；正在链接对象，如同没有调试信息一样
     1>xerces-c_3_1D.lib(WindowsMutexMgr.obj) : warning LNK4099: 未找到 PDB“xerceslib_vc120.pdb”(使用“xerces-c_3_1D.lib(WindowsMutexMgr.obj)”或在“G:\InHouseSourceCode\LFAQ\LFAQ\Debug\xerceslib_vc120.pdb”中寻找)；正在链接对象，如同没有调试信息一样
     1>xerces-c_3_1D.lib(LocalFileFormatTarget.obj) : warning LNK4099: 未找到 PDB“xerceslib_vc120.pdb”(使用“xerces-c_3_1D.lib(LocalFileFormatTarget.obj)”或在“G:\InHouseSourceCode\LFAQ\LFAQ\Debug\xerceslib_vc120.pdb”中寻找)；正在链接对象，如同没有调试信息一样
     1>xerces-c_3_1D.lib(LocalFileInputSource.obj) : warning LNK4099: 未找到 PDB“xerceslib_vc120.pdb”(使用“xerces-c_3_1D.lib(LocalFileInputSource.obj)”或在“G:\InHouseSourceCode\LFAQ\LFAQ\Debug\xerceslib_vc120.pdb”中寻找)；正在链接对象，如同没有调试信息一样
     1>xerces-c_3_1D.lib(MemBufFormatTarget.obj) : warning LNK4099: 未找到 PDB“xerceslib_vc120.pdb”(使用“xerces-c_3_1D.lib(MemBufFormatTarget.obj)”或在“G:\InHouseSourceCode\LFAQ\LFAQ\Debug\xerceslib_vc120.pdb”中寻找)；正在链接对象，如同没有调试信息一样
     1>xerces-c_3_1D.lib(MemBufInputSource.obj) : warning LNK4099: 未找到 PDB“xerceslib_vc120.pdb”(使用“xerces-c_3_1D.lib(MemBufInputSource.obj)”或在“G:\InHouseSourceCode\LFAQ\LFAQ\Debug\xerceslib_vc120.pdb”中寻找)；正在链接对象，如同没有调试信息一样
     1>xerces-c_3_1D.lib(URLInputSource.obj) : warning LNK4099: 未找到 PDB“xerceslib_vc120.pdb”(使用“xerces-c_3_1D.lib(URLInputSource.obj)”或在“G:\InHouseSourceCode\LFAQ\LFAQ\Debug\xerceslib_vc120.pdb”中寻找)；正在链接对象，如同没有调试信息一样
     1>xerces-c_3_1D.lib(Wrapper4DOMLSInput.obj) : warning LNK4099: 未找到 PDB“xerceslib_vc120.pdb”(使用“xerces-c_3_1D.lib(Wrapper4DOMLSInput.obj)”或在“G:\InHouseSourceCode\LFAQ\LFAQ\Debug\xerceslib_vc120.pdb”中寻找)；正在链接对象，如同没有调试信息一样
     1>xerces-c_3_1D.lib(XMLAttDef.obj) : warning LNK4099: 未找到 PDB“xerceslib_vc120.pdb”(使用“xerces-c_3_1D.lib(XMLAttDef.obj)”或在“G:\InHouseSourceCode\LFAQ\LFAQ\Debug\xerceslib_vc120.pdb”中寻找)；正在链接对象，如同没有调试信息一样
     1>xerces-c_3_1D.lib(XMLAttDefList.obj) : warning LNK4099: 未找到 PDB“xerceslib_vc120.pdb”(使用“xerces-c_3_1D.lib(XMLAttDefList.obj)”或在“G:\InHouseSourceCode\LFAQ\LFAQ\Debug\xerceslib_vc120.pdb”中寻找)；正在链接对象，如同没有调试信息一样
     1>xerces-c_3_1D.lib(XMLAttr.obj) : warning LNK4099: 未找到 PDB“xerceslib_vc120.pdb”(使用“xerces-c_3_1D.lib(XMLAttr.obj)”或在“G:\InHouseSourceCode\LFAQ\LFAQ\Debug\xerceslib_vc120.pdb”中寻找)；正在链接对象，如同没有调试信息一样
     1>xerces-c_3_1D.lib(XMLBuffer.obj) : warning LNK4099: 未找到 PDB“xerceslib_vc120.pdb”(使用“xerces-c_3_1D.lib(XMLBuffer.obj)”或在“G:\InHouseSourceCode\LFAQ\LFAQ\Debug\xerceslib_vc120.pdb”中寻找)；正在链接对象，如同没有调试信息一样
     1>xerces-c_3_1D.lib(XMLBufferMgr.obj) : warning LNK4099: 未找到 PDB“xerceslib_vc120.pdb”(使用“xerces-c_3_1D.lib(XMLBufferMgr.obj)”或在“G:\InHouseSourceCode\LFAQ\LFAQ\Debug\xerceslib_vc120.pdb”中寻找)；正在链接对象，如同没有调试信息一样
     1>xerces-c_3_1D.lib(XMLContentModel.obj) : warning LNK4099: 未找到 PDB“xerceslib_vc120.pdb”(使用“xerces-c_3_1D.lib(XMLContentModel.obj)”或在“G:\InHouseSourceCode\LFAQ\LFAQ\Debug\xerceslib_vc120.pdb”中寻找)；正在链接对象，如同没有调试信息一样
     1>xerces-c_3_1D.lib(XMLDTDDescription.obj) : warning LNK4099: 未找到 PDB“xerceslib_vc120.pdb”(使用“xerces-c_3_1D.lib(XMLDTDDescription.obj)”或在“G:\InHouseSourceCode\LFAQ\LFAQ\Debug\xerceslib_vc120.pdb”中寻找)；正在链接对象，如同没有调试信息一样
     1>xerces-c_3_1D.lib(XMLElementDecl.obj) : warning LNK4099: 未找到 PDB“xerceslib_vc120.pdb”(使用“xerces-c_3_1D.lib(XMLElementDecl.obj)”或在“G:\InHouseSourceCode\LFAQ\LFAQ\Debug\xerceslib_vc120.pdb”中寻找)；正在链接对象，如同没有调试信息一样
     1>xerces-c_3_1D.lib(XMLEntityDecl.obj) : warning LNK4099: 未找到 PDB“xerceslib_vc120.pdb”(使用“xerces-c_3_1D.lib(XMLEntityDecl.obj)”或在“G:\InHouseSourceCode\LFAQ\LFAQ\Debug\xerceslib_vc120.pdb”中寻找)；正在链接对象，如同没有调试信息一样
     1>xerces-c_3_1D.lib(XMLFormatter.obj) : warning LNK4099: 未找到 PDB“xerceslib_vc120.pdb”(使用“xerces-c_3_1D.lib(XMLFormatter.obj)”或在“G:\InHouseSourceCode\LFAQ\LFAQ\Debug\xerceslib_vc120.pdb”中寻找)；正在链接对象，如同没有调试信息一样
     1>xerces-c_3_1D.lib(XMLGrammarDescription.obj) : warning LNK4099: 未找到 PDB“xerceslib_vc120.pdb”(使用“xerces-c_3_1D.lib(XMLGrammarDescription.obj)”或在“G:\InHouseSourceCode\LFAQ\LFAQ\Debug\xerceslib_vc120.pdb”中寻找)；正在链接对象，如同没有调试信息一样
     1>xerces-c_3_1D.lib(XMLGrammarPoolImpl.obj) : warning LNK4099: 未找到 PDB“xerceslib_vc120.pdb”(使用“xerces-c_3_1D.lib(XMLGrammarPoolImpl.obj)”或在“G:\InHouseSourceCode\LFAQ\LFAQ\Debug\xerceslib_vc120.pdb”中寻找)；正在链接对象，如同没有调试信息一样
     1>xerces-c_3_1D.lib(XMLNotationDecl.obj) : warning LNK4099: 未找到 PDB“xerceslib_vc120.pdb”(使用“xerces-c_3_1D.lib(XMLNotationDecl.obj)”或在“G:\InHouseSourceCode\LFAQ\LFAQ\Debug\xerceslib_vc120.pdb”中寻找)；正在链接对象，如同没有调试信息一样
     1>xerces-c_3_1D.lib(XMLRecognizer.obj) : warning LNK4099: 未找到 PDB“xerceslib_vc120.pdb”(使用“xerces-c_3_1D.lib(XMLRecognizer.obj)”或在“G:\InHouseSourceCode\LFAQ\LFAQ\Debug\xerceslib_vc120.pdb”中寻找)；正在链接对象，如同没有调试信息一样
     1>xerces-c_3_1D.lib(XMLRefInfo.obj) : warning LNK4099: 未找到 PDB“xerceslib_vc120.pdb”(使用“xerces-c_3_1D.lib(XMLRefInfo.obj)”或在“G:\InHouseSourceCode\LFAQ\LFAQ\Debug\xerceslib_vc120.pdb”中寻找)；正在链接对象，如同没有调试信息一样
     1>xerces-c_3_1D.lib(XMLSchemaDescription.obj) : warning LNK4099: 未找到 PDB“xerceslib_vc120.pdb”(使用“xerces-c_3_1D.lib(XMLSchemaDescription.obj)”或在“G:\InHouseSourceCode\LFAQ\LFAQ\Debug\xerceslib_vc120.pdb”中寻找)；正在链接对象，如同没有调试信息一样
     1>xerces-c_3_1D.lib(XMLValidator.obj) : warning LNK4099: 未找到 PDB“xerceslib_vc120.pdb”(使用“xerces-c_3_1D.lib(XMLValidator.obj)”或在“G:\InHouseSourceCode\LFAQ\LFAQ\Debug\xerceslib_vc120.pdb”中寻找)；正在链接对象，如同没有调试信息一样
     1>xerces-c_3_1D.lib(PSVIAttribute.obj) : warning LNK4099: 未找到 PDB“xerceslib_vc120.pdb”(使用“xerces-c_3_1D.lib(PSVIAttribute.obj)”或在“G:\InHouseSourceCode\LFAQ\LFAQ\Debug\xerceslib_vc120.pdb”中寻找)；正在链接对象，如同没有调试信息一样
     1>xerces-c_3_1D.lib(PSVIAttributeList.obj) : warning LNK4099: 未找到 PDB“xerceslib_vc120.pdb”(使用“xerces-c_3_1D.lib(PSVIAttributeList.obj)”或在“G:\InHouseSourceCode\LFAQ\LFAQ\Debug\xerceslib_vc120.pdb”中寻找)；正在链接对象，如同没有调试信息一样
     1>xerces-c_3_1D.lib(PSVIElement.obj) : warning LNK4099: 未找到 PDB“xerceslib_vc120.pdb”(使用“xerces-c_3_1D.lib(PSVIElement.obj)”或在“G:\InHouseSourceCode\LFAQ\LFAQ\Debug\xerceslib_vc120.pdb”中寻找)；正在链接对象，如同没有调试信息一样
     1>xerces-c_3_1D.lib(PSVIItem.obj) : warning LNK4099: 未找到 PDB“xerceslib_vc120.pdb”(使用“xerces-c_3_1D.lib(PSVIItem.obj)”或在“G:\InHouseSourceCode\LFAQ\LFAQ\Debug\xerceslib_vc120.pdb”中寻找)；正在链接对象，如同没有调试信息一样
     1>xerces-c_3_1D.lib(XSAnnotation.obj) : warning LNK4099: 未找到 PDB“xerceslib_vc120.pdb”(使用“xerces-c_3_1D.lib(XSAnnotation.obj)”或在“G:\InHouseSourceCode\LFAQ\LFAQ\Debug\xerceslib_vc120.pdb”中寻找)；正在链接对象，如同没有调试信息一样
     1>xerces-c_3_1D.lib(XSAttributeDeclaration.obj) : warning LNK4099: 未找到 PDB“xerceslib_vc120.pdb”(使用“xerces-c_3_1D.lib(XSAttributeDeclaration.obj)”或在“G:\InHouseSourceCode\LFAQ\LFAQ\Debug\xerceslib_vc120.pdb”中寻找)；正在链接对象，如同没有调试信息一样
     1>xerces-c_3_1D.lib(XSAttributeGroupDefinition.obj) : warning LNK4099: 未找到 PDB“xerceslib_vc120.pdb”(使用“xerces-c_3_1D.lib(XSAttributeGroupDefinition.obj)”或在“G:\InHouseSourceCode\LFAQ\LFAQ\Debug\xerceslib_vc120.pdb”中寻找)；正在链接对象，如同没有调试信息一样
     1>xerces-c_3_1D.lib(XSAttributeUse.obj) : warning LNK4099: 未找到 PDB“xerceslib_vc120.pdb”(使用“xerces-c_3_1D.lib(XSAttributeUse.obj)”或在“G:\InHouseSourceCode\LFAQ\LFAQ\Debug\xerceslib_vc120.pdb”中寻找)；正在链接对象，如同没有调试信息一样
     1>xerces-c_3_1D.lib(XSComplexTypeDefinition.obj) : warning LNK4099: 未找到 PDB“xerceslib_vc120.pdb”(使用“xerces-c_3_1D.lib(XSComplexTypeDefinition.obj)”或在“G:\InHouseSourceCode\LFAQ\LFAQ\Debug\xerceslib_vc120.pdb”中寻找)；正在链接对象，如同没有调试信息一样
     1>xerces-c_3_1D.lib(XSElementDeclaration.obj) : warning LNK4099: 未找到 PDB“xerceslib_vc120.pdb”(使用“xerces-c_3_1D.lib(XSElementDeclaration.obj)”或在“G:\InHouseSourceCode\LFAQ\LFAQ\Debug\xerceslib_vc120.pdb”中寻找)；正在链接对象，如同没有调试信息一样
     1>xerces-c_3_1D.lib(XSFacet.obj) : warning LNK4099: 未找到 PDB“xerceslib_vc120.pdb”(使用“xerces-c_3_1D.lib(XSFacet.obj)”或在“G:\InHouseSourceCode\LFAQ\LFAQ\Debug\xerceslib_vc120.pdb”中寻找)；正在链接对象，如同没有调试信息一样
     1>xerces-c_3_1D.lib(XSIDCDefinition.obj) : warning LNK4099: 未找到 PDB“xerceslib_vc120.pdb”(使用“xerces-c_3_1D.lib(XSIDCDefinition.obj)”或在“G:\InHouseSourceCode\LFAQ\LFAQ\Debug\xerceslib_vc120.pdb”中寻找)；正在链接对象，如同没有调试信息一样
     1>xerces-c_3_1D.lib(XSModel.obj) : warning LNK4099: 未找到 PDB“xerceslib_vc120.pdb”(使用“xerces-c_3_1D.lib(XSModel.obj)”或在“G:\InHouseSourceCode\LFAQ\LFAQ\Debug\xerceslib_vc120.pdb”中寻找)；正在链接对象，如同没有调试信息一样
     1>xerces-c_3_1D.lib(XSModelGroup.obj) : warning LNK4099: 未找到 PDB“xerceslib_vc120.pdb”(使用“xerces-c_3_1D.lib(XSModelGroup.obj)”或在“G:\InHouseSourceCode\LFAQ\LFAQ\Debug\xerceslib_vc120.pdb”中寻找)；正在链接对象，如同没有调试信息一样
     1>xerces-c_3_1D.lib(XSModelGroupDefinition.obj) : warning LNK4099: 未找到 PDB“xerceslib_vc120.pdb”(使用“xerces-c_3_1D.lib(XSModelGroupDefinition.obj)”或在“G:\InHouseSourceCode\LFAQ\LFAQ\Debug\xerceslib_vc120.pdb”中寻找)；正在链接对象，如同没有调试信息一样
     1>xerces-c_3_1D.lib(XSMultiValueFacet.obj) : warning LNK4099: 未找到 PDB“xerceslib_vc120.pdb”(使用“xerces-c_3_1D.lib(XSMultiValueFacet.obj)”或在“G:\InHouseSourceCode\LFAQ\LFAQ\Debug\xerceslib_vc120.pdb”中寻找)；正在链接对象，如同没有调试信息一样
     1>xerces-c_3_1D.lib(XSNamespaceItem.obj) : warning LNK4099: 未找到 PDB“xerceslib_vc120.pdb”(使用“xerces-c_3_1D.lib(XSNamespaceItem.obj)”或在“G:\InHouseSourceCode\LFAQ\LFAQ\Debug\xerceslib_vc120.pdb”中寻找)；正在链接对象，如同没有调试信息一样
     1>xerces-c_3_1D.lib(XSNotationDeclaration.obj) : warning LNK4099: 未找到 PDB“xerceslib_vc120.pdb”(使用“xerces-c_3_1D.lib(XSNotationDeclaration.obj)”或在“G:\InHouseSourceCode\LFAQ\LFAQ\Debug\xerceslib_vc120.pdb”中寻找)；正在链接对象，如同没有调试信息一样
     1>xerces-c_3_1D.lib(XSObject.obj) : warning LNK4099: 未找到 PDB“xerceslib_vc120.pdb”(使用“xerces-c_3_1D.lib(XSObject.obj)”或在“G:\InHouseSourceCode\LFAQ\LFAQ\Debug\xerceslib_vc120.pdb”中寻找)；正在链接对象，如同没有调试信息一样
     1>xerces-c_3_1D.lib(XSParticle.obj) : warning LNK4099: 未找到 PDB“xerceslib_vc120.pdb”(使用“xerces-c_3_1D.lib(XSParticle.obj)”或在“G:\InHouseSourceCode\LFAQ\LFAQ\Debug\xerceslib_vc120.pdb”中寻找)；正在链接对象，如同没有调试信息一样
     1>xerces-c_3_1D.lib(XSSimpleTypeDefinition.obj) : warning LNK4099: 未找到 PDB“xerceslib_vc120.pdb”(使用“xerces-c_3_1D.lib(XSSimpleTypeDefinition.obj)”或在“G:\InHouseSourceCode\LFAQ\LFAQ\Debug\xerceslib_vc120.pdb”中寻找)；正在链接对象，如同没有调试信息一样
     1>xerces-c_3_1D.lib(XSTypeDefinition.obj) : warning LNK4099: 未找到 PDB“xerceslib_vc120.pdb”(使用“xerces-c_3_1D.lib(XSTypeDefinition.obj)”或在“G:\InHouseSourceCode\LFAQ\LFAQ\Debug\xerceslib_vc120.pdb”中寻找)；正在链接对象，如同没有调试信息一样
     1>xerces-c_3_1D.lib(XSValue.obj) : warning LNK4099: 未找到 PDB“xerceslib_vc120.pdb”(使用“xerces-c_3_1D.lib(XSValue.obj)”或在“G:\InHouseSourceCode\LFAQ\LFAQ\Debug\xerceslib_vc120.pdb”中寻找)；正在链接对象，如同没有调试信息一样
     1>xerces-c_3_1D.lib(XSWildcard.obj) : warning LNK4099: 未找到 PDB“xerceslib_vc120.pdb”(使用“xerces-c_3_1D.lib(XSWildcard.obj)”或在“G:\InHouseSourceCode\LFAQ\LFAQ\Debug\xerceslib_vc120.pdb”中寻找)；正在链接对象，如同没有调试信息一样
     1>xerces-c_3_1D.lib(DGXMLScanner.obj) : warning LNK4099: 未找到 PDB“xerceslib_vc120.pdb”(使用“xerces-c_3_1D.lib(DGXMLScanner.obj)”或在“G:\InHouseSourceCode\LFAQ\LFAQ\Debug\xerceslib_vc120.pdb”中寻找)；正在链接对象，如同没有调试信息一样
     1>xerces-c_3_1D.lib(ElemStack.obj) : warning LNK4099: 未找到 PDB“xerceslib_vc120.pdb”(使用“xerces-c_3_1D.lib(ElemStack.obj)”或在“G:\InHouseSourceCode\LFAQ\LFAQ\Debug\xerceslib_vc120.pdb”中寻找)；正在链接对象，如同没有调试信息一样
     1>xerces-c_3_1D.lib(IGXMLScanner.obj) : warning LNK4099: 未找到 PDB“xerceslib_vc120.pdb”(使用“xerces-c_3_1D.lib(IGXMLScanner.obj)”或在“G:\InHouseSourceCode\LFAQ\LFAQ\Debug\xerceslib_vc120.pdb”中寻找)；正在链接对象，如同没有调试信息一样
     1>xerces-c_3_1D.lib(IGXMLScanner2.obj) : warning LNK4099: 未找到 PDB“xerceslib_vc120.pdb”(使用“xerces-c_3_1D.lib(IGXMLScanner2.obj)”或在“G:\InHouseSourceCode\LFAQ\LFAQ\Debug\xerceslib_vc120.pdb”中寻找)；正在链接对象，如同没有调试信息一样
     1>xerces-c_3_1D.lib(MemoryManagerImpl.obj) : warning LNK4099: 未找到 PDB“xerceslib_vc120.pdb”(使用“xerces-c_3_1D.lib(MemoryManagerImpl.obj)”或在“G:\InHouseSourceCode\LFAQ\LFAQ\Debug\xerceslib_vc120.pdb”中寻找)；正在链接对象，如同没有调试信息一样
     1>xerces-c_3_1D.lib(ReaderMgr.obj) : warning LNK4099: 未找到 PDB“xerceslib_vc120.pdb”(使用“xerces-c_3_1D.lib(ReaderMgr.obj)”或在“G:\InHouseSourceCode\LFAQ\LFAQ\Debug\xerceslib_vc120.pdb”中寻找)；正在链接对象，如同没有调试信息一样
     1>xerces-c_3_1D.lib(SGXMLScanner.obj) : warning LNK4099: 未找到 PDB“xerceslib_vc120.pdb”(使用“xerces-c_3_1D.lib(SGXMLScanner.obj)”或在“G:\InHouseSourceCode\LFAQ\LFAQ\Debug\xerceslib_vc120.pdb”中寻找)；正在链接对象，如同没有调试信息一样
     1>xerces-c_3_1D.lib(ValidationContextImpl.obj) : warning LNK4099: 未找到 PDB“xerceslib_vc120.pdb”(使用“xerces-c_3_1D.lib(ValidationContextImpl.obj)”或在“G:\InHouseSourceCode\LFAQ\LFAQ\Debug\xerceslib_vc120.pdb”中寻找)；正在链接对象，如同没有调试信息一样
     1>xerces-c_3_1D.lib(VecAttributesImpl.obj) : warning LNK4099: 未找到 PDB“xerceslib_vc120.pdb”(使用“xerces-c_3_1D.lib(VecAttributesImpl.obj)”或在“G:\InHouseSourceCode\LFAQ\LFAQ\Debug\xerceslib_vc120.pdb”中寻找)；正在链接对象，如同没有调试信息一样
     1>xerces-c_3_1D.lib(VecAttrListImpl.obj) : warning LNK4099: 未找到 PDB“xerceslib_vc120.pdb”(使用“xerces-c_3_1D.lib(VecAttrListImpl.obj)”或在“G:\InHouseSourceCode\LFAQ\LFAQ\Debug\xerceslib_vc120.pdb”中寻找)；正在链接对象，如同没有调试信息一样
     1>xerces-c_3_1D.lib(WFXMLScanner.obj) : warning LNK4099: 未找到 PDB“xerceslib_vc120.pdb”(使用“xerces-c_3_1D.lib(WFXMLScanner.obj)”或在“G:\InHouseSourceCode\LFAQ\LFAQ\Debug\xerceslib_vc120.pdb”中寻找)；正在链接对象，如同没有调试信息一样
     1>xerces-c_3_1D.lib(XMLReader.obj) : warning LNK4099: 未找到 PDB“xerceslib_vc120.pdb”(使用“xerces-c_3_1D.lib(XMLReader.obj)”或在“G:\InHouseSourceCode\LFAQ\LFAQ\Debug\xerceslib_vc120.pdb”中寻找)；正在链接对象，如同没有调试信息一样
     1>xerces-c_3_1D.lib(XMLScanner.obj) : warning LNK4099: 未找到 PDB“xerceslib_vc120.pdb”(使用“xerces-c_3_1D.lib(XMLScanner.obj)”或在“G:\InHouseSourceCode\LFAQ\LFAQ\Debug\xerceslib_vc120.pdb”中寻找)；正在链接对象，如同没有调试信息一样
     1>xerces-c_3_1D.lib(XMLScannerResolver.obj) : warning LNK4099: 未找到 PDB“xerceslib_vc120.pdb”(使用“xerces-c_3_1D.lib(XMLScannerResolver.obj)”或在“G:\InHouseSourceCode\LFAQ\LFAQ\Debug\xerceslib_vc120.pdb”中寻找)；正在链接对象，如同没有调试信息一样
     1>xerces-c_3_1D.lib(XProtoType.obj) : warning LNK4099: 未找到 PDB“xerceslib_vc120.pdb”(使用“xerces-c_3_1D.lib(XProtoType.obj)”或在“G:\InHouseSourceCode\LFAQ\LFAQ\Debug\xerceslib_vc120.pdb”中寻找)；正在链接对象，如同没有调试信息一样
     1>xerces-c_3_1D.lib(XSAXMLScanner.obj) : warning LNK4099: 未找到 PDB“xerceslib_vc120.pdb”(使用“xerces-c_3_1D.lib(XSAXMLScanner.obj)”或在“G:\InHouseSourceCode\LFAQ\LFAQ\Debug\xerceslib_vc120.pdb”中寻找)；正在链接对象，如同没有调试信息一样
     1>xerces-c_3_1D.lib(XSerializeEngine.obj) : warning LNK4099: 未找到 PDB“xerceslib_vc120.pdb”(使用“xerces-c_3_1D.lib(XSerializeEngine.obj)”或在“G:\InHouseSourceCode\LFAQ\LFAQ\Debug\xerceslib_vc120.pdb”中寻找)；正在链接对象，如同没有调试信息一样
     1>xerces-c_3_1D.lib(XSObjectFactory.obj) : warning LNK4099: 未找到 PDB“xerceslib_vc120.pdb”(使用“xerces-c_3_1D.lib(XSObjectFactory.obj)”或在“G:\InHouseSourceCode\LFAQ\LFAQ\Debug\xerceslib_vc120.pdb”中寻找)；正在链接对象，如同没有调试信息一样
     1>xerces-c_3_1D.lib(XTemplateSerializer.obj) : warning LNK4099: 未找到 PDB“xerceslib_vc120.pdb”(使用“xerces-c_3_1D.lib(XTemplateSerializer.obj)”或在“G:\InHouseSourceCode\LFAQ\LFAQ\Debug\xerceslib_vc120.pdb”中寻找)；正在链接对象，如同没有调试信息一样
     1>xerces-c_3_1D.lib(InputSource.obj) : warning LNK4099: 未找到 PDB“xerceslib_vc120.pdb”(使用“xerces-c_3_1D.lib(InputSource.obj)”或在“G:\InHouseSourceCode\LFAQ\LFAQ\Debug\xerceslib_vc120.pdb”中寻找)；正在链接对象，如同没有调试信息一样
     1>xerces-c_3_1D.lib(SAXException.obj) : warning LNK4099: 未找到 PDB“xerceslib_vc120.pdb”(使用“xerces-c_3_1D.lib(SAXException.obj)”或在“G:\InHouseSourceCode\LFAQ\LFAQ\Debug\xerceslib_vc120.pdb”中寻找)；正在链接对象，如同没有调试信息一样
     1>xerces-c_3_1D.lib(SAXParseException.obj) : warning LNK4099: 未找到 PDB“xerceslib_vc120.pdb”(使用“xerces-c_3_1D.lib(SAXParseException.obj)”或在“G:\InHouseSourceCode\LFAQ\LFAQ\Debug\xerceslib_vc120.pdb”中寻找)；正在链接对象，如同没有调试信息一样
     1>xerces-c_3_1D.lib(AbstractDOMParser.obj) : warning LNK4099: 未找到 PDB“xerceslib_vc120.pdb”(使用“xerces-c_3_1D.lib(AbstractDOMParser.obj)”或在“G:\InHouseSourceCode\LFAQ\LFAQ\Debug\xerceslib_vc120.pdb”中寻找)；正在链接对象，如同没有调试信息一样
     1>xerces-c_3_1D.lib(DOMLSParserImpl.obj) : warning LNK4099: 未找到 PDB“xerceslib_vc120.pdb”(使用“xerces-c_3_1D.lib(DOMLSParserImpl.obj)”或在“G:\InHouseSourceCode\LFAQ\LFAQ\Debug\xerceslib_vc120.pdb”中寻找)；正在链接对象，如同没有调试信息一样
     1>xerces-c_3_1D.lib(SAX2XMLReaderImpl.obj) : warning LNK4099: 未找到 PDB“xerceslib_vc120.pdb”(使用“xerces-c_3_1D.lib(SAX2XMLReaderImpl.obj)”或在“G:\InHouseSourceCode\LFAQ\LFAQ\Debug\xerceslib_vc120.pdb”中寻找)；正在链接对象，如同没有调试信息一样
     1>xerces-c_3_1D.lib(SAXParser.obj) : warning LNK4099: 未找到 PDB“xerceslib_vc120.pdb”(使用“xerces-c_3_1D.lib(SAXParser.obj)”或在“G:\InHouseSourceCode\LFAQ\LFAQ\Debug\xerceslib_vc120.pdb”中寻找)；正在链接对象，如同没有调试信息一样
     1>xerces-c_3_1D.lib(XercesDOMParser.obj) : warning LNK4099: 未找到 PDB“xerceslib_vc120.pdb”(使用“xerces-c_3_1D.lib(XercesDOMParser.obj)”或在“G:\InHouseSourceCode\LFAQ\LFAQ\Debug\xerceslib_vc120.pdb”中寻找)；正在链接对象，如同没有调试信息一样
     1>xerces-c_3_1D.lib(AllContentModel.obj) : warning LNK4099: 未找到 PDB“xerceslib_vc120.pdb”(使用“xerces-c_3_1D.lib(AllContentModel.obj)”或在“G:\InHouseSourceCode\LFAQ\LFAQ\Debug\xerceslib_vc120.pdb”中寻找)；正在链接对象，如同没有调试信息一样
     1>xerces-c_3_1D.lib(CMAny.obj) : warning LNK4099: 未找到 PDB“xerceslib_vc120.pdb”(使用“xerces-c_3_1D.lib(CMAny.obj)”或在“G:\InHouseSourceCode\LFAQ\LFAQ\Debug\xerceslib_vc120.pdb”中寻找)；正在链接对象，如同没有调试信息一样
     1>xerces-c_3_1D.lib(CMBinaryOp.obj) : warning LNK4099: 未找到 PDB“xerceslib_vc120.pdb”(使用“xerces-c_3_1D.lib(CMBinaryOp.obj)”或在“G:\InHouseSourceCode\LFAQ\LFAQ\Debug\xerceslib_vc120.pdb”中寻找)；正在链接对象，如同没有调试信息一样
     1>xerces-c_3_1D.lib(CMUnaryOp.obj) : warning LNK4099: 未找到 PDB“xerceslib_vc120.pdb”(使用“xerces-c_3_1D.lib(CMUnaryOp.obj)”或在“G:\InHouseSourceCode\LFAQ\LFAQ\Debug\xerceslib_vc120.pdb”中寻找)；正在链接对象，如同没有调试信息一样
     1>xerces-c_3_1D.lib(ContentLeafNameTypeVector.obj) : warning LNK4099: 未找到 PDB“xerceslib_vc120.pdb”(使用“xerces-c_3_1D.lib(ContentLeafNameTypeVector.obj)”或在“G:\InHouseSourceCode\LFAQ\LFAQ\Debug\xerceslib_vc120.pdb”中寻找)；正在链接对象，如同没有调试信息一样
     1>xerces-c_3_1D.lib(ContentSpecNode.obj) : warning LNK4099: 未找到 PDB“xerceslib_vc120.pdb”(使用“xerces-c_3_1D.lib(ContentSpecNode.obj)”或在“G:\InHouseSourceCode\LFAQ\LFAQ\Debug\xerceslib_vc120.pdb”中寻找)；正在链接对象，如同没有调试信息一样
     1>xerces-c_3_1D.lib(DFAContentModel.obj) : warning LNK4099: 未找到 PDB“xerceslib_vc120.pdb”(使用“xerces-c_3_1D.lib(DFAContentModel.obj)”或在“G:\InHouseSourceCode\LFAQ\LFAQ\Debug\xerceslib_vc120.pdb”中寻找)；正在链接对象，如同没有调试信息一样
     1>xerces-c_3_1D.lib(Grammar.obj) : warning LNK4099: 未找到 PDB“xerceslib_vc120.pdb”(使用“xerces-c_3_1D.lib(Grammar.obj)”或在“G:\InHouseSourceCode\LFAQ\LFAQ\Debug\xerceslib_vc120.pdb”中寻找)；正在链接对象，如同没有调试信息一样
     1>xerces-c_3_1D.lib(GrammarResolver.obj) : warning LNK4099: 未找到 PDB“xerceslib_vc120.pdb”(使用“xerces-c_3_1D.lib(GrammarResolver.obj)”或在“G:\InHouseSourceCode\LFAQ\LFAQ\Debug\xerceslib_vc120.pdb”中寻找)；正在链接对象，如同没有调试信息一样
     1>xerces-c_3_1D.lib(MixedContentModel.obj) : warning LNK4099: 未找到 PDB“xerceslib_vc120.pdb”(使用“xerces-c_3_1D.lib(MixedContentModel.obj)”或在“G:\InHouseSourceCode\LFAQ\LFAQ\Debug\xerceslib_vc120.pdb”中寻找)；正在链接对象，如同没有调试信息一样
     1>xerces-c_3_1D.lib(SimpleContentModel.obj) : warning LNK4099: 未找到 PDB“xerceslib_vc120.pdb”(使用“xerces-c_3_1D.lib(SimpleContentModel.obj)”或在“G:\InHouseSourceCode\LFAQ\LFAQ\Debug\xerceslib_vc120.pdb”中寻找)；正在链接对象，如同没有调试信息一样
     1>xerces-c_3_1D.lib(AbstractNumericFacetValidator.obj) : warning LNK4099: 未找到 PDB“xerceslib_vc120.pdb”(使用“xerces-c_3_1D.lib(AbstractNumericFacetValidator.obj)”或在“G:\InHouseSourceCode\LFAQ\LFAQ\Debug\xerceslib_vc120.pdb”中寻找)；正在链接对象，如同没有调试信息一样
     1>xerces-c_3_1D.lib(AbstractNumericValidator.obj) : warning LNK4099: 未找到 PDB“xerceslib_vc120.pdb”(使用“xerces-c_3_1D.lib(AbstractNumericValidator.obj)”或在“G:\InHouseSourceCode\LFAQ\LFAQ\Debug\xerceslib_vc120.pdb”中寻找)；正在链接对象，如同没有调试信息一样
     1>xerces-c_3_1D.lib(AbstractStringValidator.obj) : warning LNK4099: 未找到 PDB“xerceslib_vc120.pdb”(使用“xerces-c_3_1D.lib(AbstractStringValidator.obj)”或在“G:\InHouseSourceCode\LFAQ\LFAQ\Debug\xerceslib_vc120.pdb”中寻找)；正在链接对象，如同没有调试信息一样
     1>xerces-c_3_1D.lib(AnySimpleTypeDatatypeValidator.obj) : warning LNK4099: 未找到 PDB“xerceslib_vc120.pdb”(使用“xerces-c_3_1D.lib(AnySimpleTypeDatatypeValidator.obj)”或在“G:\InHouseSourceCode\LFAQ\LFAQ\Debug\xerceslib_vc120.pdb”中寻找)；正在链接对象，如同没有调试信息一样
     1>xerces-c_3_1D.lib(AnyURIDatatypeValidator.obj) : warning LNK4099: 未找到 PDB“xerceslib_vc120.pdb”(使用“xerces-c_3_1D.lib(AnyURIDatatypeValidator.obj)”或在“G:\InHouseSourceCode\LFAQ\LFAQ\Debug\xerceslib_vc120.pdb”中寻找)；正在链接对象，如同没有调试信息一样
     1>xerces-c_3_1D.lib(Base64BinaryDatatypeValidator.obj) : warning LNK4099: 未找到 PDB“xerceslib_vc120.pdb”(使用“xerces-c_3_1D.lib(Base64BinaryDatatypeValidator.obj)”或在“G:\InHouseSourceCode\LFAQ\LFAQ\Debug\xerceslib_vc120.pdb”中寻找)；正在链接对象，如同没有调试信息一样
     1>xerces-c_3_1D.lib(BooleanDatatypeValidator.obj) : warning LNK4099: 未找到 PDB“xerceslib_vc120.pdb”(使用“xerces-c_3_1D.lib(BooleanDatatypeValidator.obj)”或在“G:\InHouseSourceCode\LFAQ\LFAQ\Debug\xerceslib_vc120.pdb”中寻找)；正在链接对象，如同没有调试信息一样
     1>xerces-c_3_1D.lib(DatatypeValidator.obj) : warning LNK4099: 未找到 PDB“xerceslib_vc120.pdb”(使用“xerces-c_3_1D.lib(DatatypeValidator.obj)”或在“G:\InHouseSourceCode\LFAQ\LFAQ\Debug\xerceslib_vc120.pdb”中寻找)；正在链接对象，如同没有调试信息一样
     1>xerces-c_3_1D.lib(DatatypeValidatorFactory.obj) : warning LNK4099: 未找到 PDB“xerceslib_vc120.pdb”(使用“xerces-c_3_1D.lib(DatatypeValidatorFactory.obj)”或在“G:\InHouseSourceCode\LFAQ\LFAQ\Debug\xerceslib_vc120.pdb”中寻找)；正在链接对象，如同没有调试信息一样
     1>xerces-c_3_1D.lib(DateDatatypeValidator.obj) : warning LNK4099: 未找到 PDB“xerceslib_vc120.pdb”(使用“xerces-c_3_1D.lib(DateDatatypeValidator.obj)”或在“G:\InHouseSourceCode\LFAQ\LFAQ\Debug\xerceslib_vc120.pdb”中寻找)；正在链接对象，如同没有调试信息一样
     1>xerces-c_3_1D.lib(DateTimeDatatypeValidator.obj) : warning LNK4099: 未找到 PDB“xerceslib_vc120.pdb”(使用“xerces-c_3_1D.lib(DateTimeDatatypeValidator.obj)”或在“G:\InHouseSourceCode\LFAQ\LFAQ\Debug\xerceslib_vc120.pdb”中寻找)；正在链接对象，如同没有调试信息一样
     1>xerces-c_3_1D.lib(DateTimeValidator.obj) : warning LNK4099: 未找到 PDB“xerceslib_vc120.pdb”(使用“xerces-c_3_1D.lib(DateTimeValidator.obj)”或在“G:\InHouseSourceCode\LFAQ\LFAQ\Debug\xerceslib_vc120.pdb”中寻找)；正在链接对象，如同没有调试信息一样
     1>xerces-c_3_1D.lib(DayDatatypeValidator.obj) : warning LNK4099: 未找到 PDB“xerceslib_vc120.pdb”(使用“xerces-c_3_1D.lib(DayDatatypeValidator.obj)”或在“G:\InHouseSourceCode\LFAQ\LFAQ\Debug\xerceslib_vc120.pdb”中寻找)；正在链接对象，如同没有调试信息一样
     1>xerces-c_3_1D.lib(DecimalDatatypeValidator.obj) : warning LNK4099: 未找到 PDB“xerceslib_vc120.pdb”(使用“xerces-c_3_1D.lib(DecimalDatatypeValidator.obj)”或在“G:\InHouseSourceCode\LFAQ\LFAQ\Debug\xerceslib_vc120.pdb”中寻找)；正在链接对象，如同没有调试信息一样
     1>xerces-c_3_1D.lib(DoubleDatatypeValidator.obj) : warning LNK4099: 未找到 PDB“xerceslib_vc120.pdb”(使用“xerces-c_3_1D.lib(DoubleDatatypeValidator.obj)”或在“G:\InHouseSourceCode\LFAQ\LFAQ\Debug\xerceslib_vc120.pdb”中寻找)；正在链接对象，如同没有调试信息一样
     1>xerces-c_3_1D.lib(DurationDatatypeValidator.obj) : warning LNK4099: 未找到 PDB“xerceslib_vc120.pdb”(使用“xerces-c_3_1D.lib(DurationDatatypeValidator.obj)”或在“G:\InHouseSourceCode\LFAQ\LFAQ\Debug\xerceslib_vc120.pdb”中寻找)；正在链接对象，如同没有调试信息一样
     1>xerces-c_3_1D.lib(ENTITYDatatypeValidator.obj) : warning LNK4099: 未找到 PDB“xerceslib_vc120.pdb”(使用“xerces-c_3_1D.lib(ENTITYDatatypeValidator.obj)”或在“G:\InHouseSourceCode\LFAQ\LFAQ\Debug\xerceslib_vc120.pdb”中寻找)；正在链接对象，如同没有调试信息一样
     1>xerces-c_3_1D.lib(FloatDatatypeValidator.obj) : warning LNK4099: 未找到 PDB“xerceslib_vc120.pdb”(使用“xerces-c_3_1D.lib(FloatDatatypeValidator.obj)”或在“G:\InHouseSourceCode\LFAQ\LFAQ\Debug\xerceslib_vc120.pdb”中寻找)；正在链接对象，如同没有调试信息一样
     1>xerces-c_3_1D.lib(HexBinaryDatatypeValidator.obj) : warning LNK4099: 未找到 PDB“xerceslib_vc120.pdb”(使用“xerces-c_3_1D.lib(HexBinaryDatatypeValidator.obj)”或在“G:\InHouseSourceCode\LFAQ\LFAQ\Debug\xerceslib_vc120.pdb”中寻找)；正在链接对象，如同没有调试信息一样
     1>xerces-c_3_1D.lib(IDDatatypeValidator.obj) : warning LNK4099: 未找到 PDB“xerceslib_vc120.pdb”(使用“xerces-c_3_1D.lib(IDDatatypeValidator.obj)”或在“G:\InHouseSourceCode\LFAQ\LFAQ\Debug\xerceslib_vc120.pdb”中寻找)；正在链接对象，如同没有调试信息一样
     1>xerces-c_3_1D.lib(IDREFDatatypeValidator.obj) : warning LNK4099: 未找到 PDB“xerceslib_vc120.pdb”(使用“xerces-c_3_1D.lib(IDREFDatatypeValidator.obj)”或在“G:\InHouseSourceCode\LFAQ\LFAQ\Debug\xerceslib_vc120.pdb”中寻找)；正在链接对象，如同没有调试信息一样
     1>xerces-c_3_1D.lib(ListDatatypeValidator.obj) : warning LNK4099: 未找到 PDB“xerceslib_vc120.pdb”(使用“xerces-c_3_1D.lib(ListDatatypeValidator.obj)”或在“G:\InHouseSourceCode\LFAQ\LFAQ\Debug\xerceslib_vc120.pdb”中寻找)；正在链接对象，如同没有调试信息一样
     1>xerces-c_3_1D.lib(MonthDatatypeValidator.obj) : warning LNK4099: 未找到 PDB“xerceslib_vc120.pdb”(使用“xerces-c_3_1D.lib(MonthDatatypeValidator.obj)”或在“G:\InHouseSourceCode\LFAQ\LFAQ\Debug\xerceslib_vc120.pdb”中寻找)；正在链接对象，如同没有调试信息一样
     1>xerces-c_3_1D.lib(MonthDayDatatypeValidator.obj) : warning LNK4099: 未找到 PDB“xerceslib_vc120.pdb”(使用“xerces-c_3_1D.lib(MonthDayDatatypeValidator.obj)”或在“G:\InHouseSourceCode\LFAQ\LFAQ\Debug\xerceslib_vc120.pdb”中寻找)；正在链接对象，如同没有调试信息一样
     1>xerces-c_3_1D.lib(NameDatatypeValidator.obj) : warning LNK4099: 未找到 PDB“xerceslib_vc120.pdb”(使用“xerces-c_3_1D.lib(NameDatatypeValidator.obj)”或在“G:\InHouseSourceCode\LFAQ\LFAQ\Debug\xerceslib_vc120.pdb”中寻找)；正在链接对象，如同没有调试信息一样
     1>xerces-c_3_1D.lib(NCNameDatatypeValidator.obj) : warning LNK4099: 未找到 PDB“xerceslib_vc120.pdb”(使用“xerces-c_3_1D.lib(NCNameDatatypeValidator.obj)”或在“G:\InHouseSourceCode\LFAQ\LFAQ\Debug\xerceslib_vc120.pdb”中寻找)；正在链接对象，如同没有调试信息一样
     1>xerces-c_3_1D.lib(NOTATIONDatatypeValidator.obj) : warning LNK4099: 未找到 PDB“xerceslib_vc120.pdb”(使用“xerces-c_3_1D.lib(NOTATIONDatatypeValidator.obj)”或在“G:\InHouseSourceCode\LFAQ\LFAQ\Debug\xerceslib_vc120.pdb”中寻找)；正在链接对象，如同没有调试信息一样
     1>xerces-c_3_1D.lib(QNameDatatypeValidator.obj) : warning LNK4099: 未找到 PDB“xerceslib_vc120.pdb”(使用“xerces-c_3_1D.lib(QNameDatatypeValidator.obj)”或在“G:\InHouseSourceCode\LFAQ\LFAQ\Debug\xerceslib_vc120.pdb”中寻找)；正在链接对象，如同没有调试信息一样
     1>xerces-c_3_1D.lib(StringDatatypeValidator.obj) : warning LNK4099: 未找到 PDB“xerceslib_vc120.pdb”(使用“xerces-c_3_1D.lib(StringDatatypeValidator.obj)”或在“G:\InHouseSourceCode\LFAQ\LFAQ\Debug\xerceslib_vc120.pdb”中寻找)；正在链接对象，如同没有调试信息一样
     1>xerces-c_3_1D.lib(TimeDatatypeValidator.obj) : warning LNK4099: 未找到 PDB“xerceslib_vc120.pdb”(使用“xerces-c_3_1D.lib(TimeDatatypeValidator.obj)”或在“G:\InHouseSourceCode\LFAQ\LFAQ\Debug\xerceslib_vc120.pdb”中寻找)；正在链接对象，如同没有调试信息一样
     1>xerces-c_3_1D.lib(UnionDatatypeValidator.obj) : warning LNK4099: 未找到 PDB“xerceslib_vc120.pdb”(使用“xerces-c_3_1D.lib(UnionDatatypeValidator.obj)”或在“G:\InHouseSourceCode\LFAQ\LFAQ\Debug\xerceslib_vc120.pdb”中寻找)；正在链接对象，如同没有调试信息一样
     1>xerces-c_3_1D.lib(XMLCanRepGroup.obj) : warning LNK4099: 未找到 PDB“xerceslib_vc120.pdb”(使用“xerces-c_3_1D.lib(XMLCanRepGroup.obj)”或在“G:\InHouseSourceCode\LFAQ\LFAQ\Debug\xerceslib_vc120.pdb”中寻找)；正在链接对象，如同没有调试信息一样
     1>xerces-c_3_1D.lib(YearDatatypeValidator.obj) : warning LNK4099: 未找到 PDB“xerceslib_vc120.pdb”(使用“xerces-c_3_1D.lib(YearDatatypeValidator.obj)”或在“G:\InHouseSourceCode\LFAQ\LFAQ\Debug\xerceslib_vc120.pdb”中寻找)；正在链接对象，如同没有调试信息一样
     1>xerces-c_3_1D.lib(YearMonthDatatypeValidator.obj) : warning LNK4099: 未找到 PDB“xerceslib_vc120.pdb”(使用“xerces-c_3_1D.lib(YearMonthDatatypeValidator.obj)”或在“G:\InHouseSourceCode\LFAQ\LFAQ\Debug\xerceslib_vc120.pdb”中寻找)；正在链接对象，如同没有调试信息一样
     1>xerces-c_3_1D.lib(DTDAttDef.obj) : warning LNK4099: 未找到 PDB“xerceslib_vc120.pdb”(使用“xerces-c_3_1D.lib(DTDAttDef.obj)”或在“G:\InHouseSourceCode\LFAQ\LFAQ\Debug\xerceslib_vc120.pdb”中寻找)；正在链接对象，如同没有调试信息一样
     1>xerces-c_3_1D.lib(DTDAttDefList.obj) : warning LNK4099: 未找到 PDB“xerceslib_vc120.pdb”(使用“xerces-c_3_1D.lib(DTDAttDefList.obj)”或在“G:\InHouseSourceCode\LFAQ\LFAQ\Debug\xerceslib_vc120.pdb”中寻找)；正在链接对象，如同没有调试信息一样
     1>xerces-c_3_1D.lib(DTDElementDecl.obj) : warning LNK4099: 未找到 PDB“xerceslib_vc120.pdb”(使用“xerces-c_3_1D.lib(DTDElementDecl.obj)”或在“G:\InHouseSourceCode\LFAQ\LFAQ\Debug\xerceslib_vc120.pdb”中寻找)；正在链接对象，如同没有调试信息一样
     1>xerces-c_3_1D.lib(DTDEntityDecl.obj) : warning LNK4099: 未找到 PDB“xerceslib_vc120.pdb”(使用“xerces-c_3_1D.lib(DTDEntityDecl.obj)”或在“G:\InHouseSourceCode\LFAQ\LFAQ\Debug\xerceslib_vc120.pdb”中寻找)；正在链接对象，如同没有调试信息一样
     1>xerces-c_3_1D.lib(DTDGrammar.obj) : warning LNK4099: 未找到 PDB“xerceslib_vc120.pdb”(使用“xerces-c_3_1D.lib(DTDGrammar.obj)”或在“G:\InHouseSourceCode\LFAQ\LFAQ\Debug\xerceslib_vc120.pdb”中寻找)；正在链接对象，如同没有调试信息一样
     1>xerces-c_3_1D.lib(DTDScanner.obj) : warning LNK4099: 未找到 PDB“xerceslib_vc120.pdb”(使用“xerces-c_3_1D.lib(DTDScanner.obj)”或在“G:\InHouseSourceCode\LFAQ\LFAQ\Debug\xerceslib_vc120.pdb”中寻找)；正在链接对象，如同没有调试信息一样
     1>xerces-c_3_1D.lib(DTDValidator.obj) : warning LNK4099: 未找到 PDB“xerceslib_vc120.pdb”(使用“xerces-c_3_1D.lib(DTDValidator.obj)”或在“G:\InHouseSourceCode\LFAQ\LFAQ\Debug\xerceslib_vc120.pdb”中寻找)；正在链接对象，如同没有调试信息一样
     1>xerces-c_3_1D.lib(XMLDTDDescriptionImpl.obj) : warning LNK4099: 未找到 PDB“xerceslib_vc120.pdb”(使用“xerces-c_3_1D.lib(XMLDTDDescriptionImpl.obj)”或在“G:\InHouseSourceCode\LFAQ\LFAQ\Debug\xerceslib_vc120.pdb”中寻找)；正在链接对象，如同没有调试信息一样
     1>xerces-c_3_1D.lib(ComplexTypeInfo.obj) : warning LNK4099: 未找到 PDB“xerceslib_vc120.pdb”(使用“xerces-c_3_1D.lib(ComplexTypeInfo.obj)”或在“G:\InHouseSourceCode\LFAQ\LFAQ\Debug\xerceslib_vc120.pdb”中寻找)；正在链接对象，如同没有调试信息一样
     1>xerces-c_3_1D.lib(GeneralAttributeCheck.obj) : warning LNK4099: 未找到 PDB“xerceslib_vc120.pdb”(使用“xerces-c_3_1D.lib(GeneralAttributeCheck.obj)”或在“G:\InHouseSourceCode\LFAQ\LFAQ\Debug\xerceslib_vc120.pdb”中寻找)；正在链接对象，如同没有调试信息一样
     1>xerces-c_3_1D.lib(NamespaceScope.obj) : warning LNK4099: 未找到 PDB“xerceslib_vc120.pdb”(使用“xerces-c_3_1D.lib(NamespaceScope.obj)”或在“G:\InHouseSourceCode\LFAQ\LFAQ\Debug\xerceslib_vc120.pdb”中寻找)；正在链接对象，如同没有调试信息一样
     1>xerces-c_3_1D.lib(SchemaAttDef.obj) : warning LNK4099: 未找到 PDB“xerceslib_vc120.pdb”(使用“xerces-c_3_1D.lib(SchemaAttDef.obj)”或在“G:\InHouseSourceCode\LFAQ\LFAQ\Debug\xerceslib_vc120.pdb”中寻找)；正在链接对象，如同没有调试信息一样
     1>xerces-c_3_1D.lib(SchemaAttDefList.obj) : warning LNK4099: 未找到 PDB“xerceslib_vc120.pdb”(使用“xerces-c_3_1D.lib(SchemaAttDefList.obj)”或在“G:\InHouseSourceCode\LFAQ\LFAQ\Debug\xerceslib_vc120.pdb”中寻找)；正在链接对象，如同没有调试信息一样
     1>xerces-c_3_1D.lib(SchemaElementDecl.obj) : warning LNK4099: 未找到 PDB“xerceslib_vc120.pdb”(使用“xerces-c_3_1D.lib(SchemaElementDecl.obj)”或在“G:\InHouseSourceCode\LFAQ\LFAQ\Debug\xerceslib_vc120.pdb”中寻找)；正在链接对象，如同没有调试信息一样
     1>xerces-c_3_1D.lib(SchemaGrammar.obj) : warning LNK4099: 未找到 PDB“xerceslib_vc120.pdb”(使用“xerces-c_3_1D.lib(SchemaGrammar.obj)”或在“G:\InHouseSourceCode\LFAQ\LFAQ\Debug\xerceslib_vc120.pdb”中寻找)；正在链接对象，如同没有调试信息一样
     1>xerces-c_3_1D.lib(SchemaInfo.obj) : warning LNK4099: 未找到 PDB“xerceslib_vc120.pdb”(使用“xerces-c_3_1D.lib(SchemaInfo.obj)”或在“G:\InHouseSourceCode\LFAQ\LFAQ\Debug\xerceslib_vc120.pdb”中寻找)；正在链接对象，如同没有调试信息一样
     1>xerces-c_3_1D.lib(SchemaSymbols.obj) : warning LNK4099: 未找到 PDB“xerceslib_vc120.pdb”(使用“xerces-c_3_1D.lib(SchemaSymbols.obj)”或在“G:\InHouseSourceCode\LFAQ\LFAQ\Debug\xerceslib_vc120.pdb”中寻找)；正在链接对象，如同没有调试信息一样
     1>xerces-c_3_1D.lib(SchemaValidator.obj) : warning LNK4099: 未找到 PDB“xerceslib_vc120.pdb”(使用“xerces-c_3_1D.lib(SchemaValidator.obj)”或在“G:\InHouseSourceCode\LFAQ\LFAQ\Debug\xerceslib_vc120.pdb”中寻找)；正在链接对象，如同没有调试信息一样
     1>xerces-c_3_1D.lib(SubstitutionGroupComparator.obj) : warning LNK4099: 未找到 PDB“xerceslib_vc120.pdb”(使用“xerces-c_3_1D.lib(SubstitutionGroupComparator.obj)”或在“G:\InHouseSourceCode\LFAQ\LFAQ\Debug\xerceslib_vc120.pdb”中寻找)；正在链接对象，如同没有调试信息一样
     1>xerces-c_3_1D.lib(TraverseSchema.obj) : warning LNK4099: 未找到 PDB“xerceslib_vc120.pdb”(使用“xerces-c_3_1D.lib(TraverseSchema.obj)”或在“G:\InHouseSourceCode\LFAQ\LFAQ\Debug\xerceslib_vc120.pdb”中寻找)；正在链接对象，如同没有调试信息一样
     1>xerces-c_3_1D.lib(XercesAttGroupInfo.obj) : warning LNK4099: 未找到 PDB“xerceslib_vc120.pdb”(使用“xerces-c_3_1D.lib(XercesAttGroupInfo.obj)”或在“G:\InHouseSourceCode\LFAQ\LFAQ\Debug\xerceslib_vc120.pdb”中寻找)；正在链接对象，如同没有调试信息一样
     1>xerces-c_3_1D.lib(XercesElementWildcard.obj) : warning LNK4099: 未找到 PDB“xerceslib_vc120.pdb”(使用“xerces-c_3_1D.lib(XercesElementWildcard.obj)”或在“G:\InHouseSourceCode\LFAQ\LFAQ\Debug\xerceslib_vc120.pdb”中寻找)；正在链接对象，如同没有调试信息一样
     1>xerces-c_3_1D.lib(XercesGroupInfo.obj) : warning LNK4099: 未找到 PDB“xerceslib_vc120.pdb”(使用“xerces-c_3_1D.lib(XercesGroupInfo.obj)”或在“G:\InHouseSourceCode\LFAQ\LFAQ\Debug\xerceslib_vc120.pdb”中寻找)；正在链接对象，如同没有调试信息一样
     1>xerces-c_3_1D.lib(XMLSchemaDescriptionImpl.obj) : warning LNK4099: 未找到 PDB“xerceslib_vc120.pdb”(使用“xerces-c_3_1D.lib(XMLSchemaDescriptionImpl.obj)”或在“G:\InHouseSourceCode\LFAQ\LFAQ\Debug\xerceslib_vc120.pdb”中寻找)；正在链接对象，如同没有调试信息一样
     1>xerces-c_3_1D.lib(XSDDOMParser.obj) : warning LNK4099: 未找到 PDB“xerceslib_vc120.pdb”(使用“xerces-c_3_1D.lib(XSDDOMParser.obj)”或在“G:\InHouseSourceCode\LFAQ\LFAQ\Debug\xerceslib_vc120.pdb”中寻找)；正在链接对象，如同没有调试信息一样
     1>xerces-c_3_1D.lib(XSDErrorReporter.obj) : warning LNK4099: 未找到 PDB“xerceslib_vc120.pdb”(使用“xerces-c_3_1D.lib(XSDErrorReporter.obj)”或在“G:\InHouseSourceCode\LFAQ\LFAQ\Debug\xerceslib_vc120.pdb”中寻找)；正在链接对象，如同没有调试信息一样
     1>xerces-c_3_1D.lib(XSDLocator.obj) : warning LNK4099: 未找到 PDB“xerceslib_vc120.pdb”(使用“xerces-c_3_1D.lib(XSDLocator.obj)”或在“G:\InHouseSourceCode\LFAQ\LFAQ\Debug\xerceslib_vc120.pdb”中寻找)；正在链接对象，如同没有调试信息一样
     1>xerces-c_3_1D.lib(XUtil.obj) : warning LNK4099: 未找到 PDB“xerceslib_vc120.pdb”(使用“xerces-c_3_1D.lib(XUtil.obj)”或在“G:\InHouseSourceCode\LFAQ\LFAQ\Debug\xerceslib_vc120.pdb”中寻找)；正在链接对象，如同没有调试信息一样
     1>xerces-c_3_1D.lib(FieldActivator.obj) : warning LNK4099: 未找到 PDB“xerceslib_vc120.pdb”(使用“xerces-c_3_1D.lib(FieldActivator.obj)”或在“G:\InHouseSourceCode\LFAQ\LFAQ\Debug\xerceslib_vc120.pdb”中寻找)；正在链接对象，如同没有调试信息一样
     1>xerces-c_3_1D.lib(FieldValueMap.obj) : warning LNK4099: 未找到 PDB“xerceslib_vc120.pdb”(使用“xerces-c_3_1D.lib(FieldValueMap.obj)”或在“G:\InHouseSourceCode\LFAQ\LFAQ\Debug\xerceslib_vc120.pdb”中寻找)；正在链接对象，如同没有调试信息一样
     1>xerces-c_3_1D.lib(IC_Field.obj) : warning LNK4099: 未找到 PDB“xerceslib_vc120.pdb”(使用“xerces-c_3_1D.lib(IC_Field.obj)”或在“G:\InHouseSourceCode\LFAQ\LFAQ\Debug\xerceslib_vc120.pdb”中寻找)；正在链接对象，如同没有调试信息一样
     1>xerces-c_3_1D.lib(IC_Key.obj) : warning LNK4099: 未找到 PDB“xerceslib_vc120.pdb”(使用“xerces-c_3_1D.lib(IC_Key.obj)”或在“G:\InHouseSourceCode\LFAQ\LFAQ\Debug\xerceslib_vc120.pdb”中寻找)；正在链接对象，如同没有调试信息一样
     1>xerces-c_3_1D.lib(IC_KeyRef.obj) : warning LNK4099: 未找到 PDB“xerceslib_vc120.pdb”(使用“xerces-c_3_1D.lib(IC_KeyRef.obj)”或在“G:\InHouseSourceCode\LFAQ\LFAQ\Debug\xerceslib_vc120.pdb”中寻找)；正在链接对象，如同没有调试信息一样
     1>xerces-c_3_1D.lib(IC_Selector.obj) : warning LNK4099: 未找到 PDB“xerceslib_vc120.pdb”(使用“xerces-c_3_1D.lib(IC_Selector.obj)”或在“G:\InHouseSourceCode\LFAQ\LFAQ\Debug\xerceslib_vc120.pdb”中寻找)；正在链接对象，如同没有调试信息一样
     1>xerces-c_3_1D.lib(IC_Unique.obj) : warning LNK4099: 未找到 PDB“xerceslib_vc120.pdb”(使用“xerces-c_3_1D.lib(IC_Unique.obj)”或在“G:\InHouseSourceCode\LFAQ\LFAQ\Debug\xerceslib_vc120.pdb”中寻找)；正在链接对象，如同没有调试信息一样
     1>xerces-c_3_1D.lib(IdentityConstraint.obj) : warning LNK4099: 未找到 PDB“xerceslib_vc120.pdb”(使用“xerces-c_3_1D.lib(IdentityConstraint.obj)”或在“G:\InHouseSourceCode\LFAQ\LFAQ\Debug\xerceslib_vc120.pdb”中寻找)；正在链接对象，如同没有调试信息一样
     1>xerces-c_3_1D.lib(IdentityConstraintHandler.obj) : warning LNK4099: 未找到 PDB“xerceslib_vc120.pdb”(使用“xerces-c_3_1D.lib(IdentityConstraintHandler.obj)”或在“G:\InHouseSourceCode\LFAQ\LFAQ\Debug\xerceslib_vc120.pdb”中寻找)；正在链接对象，如同没有调试信息一样
     1>xerces-c_3_1D.lib(ValueStore.obj) : warning LNK4099: 未找到 PDB“xerceslib_vc120.pdb”(使用“xerces-c_3_1D.lib(ValueStore.obj)”或在“G:\InHouseSourceCode\LFAQ\LFAQ\Debug\xerceslib_vc120.pdb”中寻找)；正在链接对象，如同没有调试信息一样
     1>xerces-c_3_1D.lib(ValueStoreCache.obj) : warning LNK4099: 未找到 PDB“xerceslib_vc120.pdb”(使用“xerces-c_3_1D.lib(ValueStoreCache.obj)”或在“G:\InHouseSourceCode\LFAQ\LFAQ\Debug\xerceslib_vc120.pdb”中寻找)；正在链接对象，如同没有调试信息一样
     1>xerces-c_3_1D.lib(XercesXPath.obj) : warning LNK4099: 未找到 PDB“xerceslib_vc120.pdb”(使用“xerces-c_3_1D.lib(XercesXPath.obj)”或在“G:\InHouseSourceCode\LFAQ\LFAQ\Debug\xerceslib_vc120.pdb”中寻找)；正在链接对象，如同没有调试信息一样
     1>xerces-c_3_1D.lib(XPathMatcher.obj) : warning LNK4099: 未找到 PDB“xerceslib_vc120.pdb”(使用“xerces-c_3_1D.lib(XPathMatcher.obj)”或在“G:\InHouseSourceCode\LFAQ\LFAQ\Debug\xerceslib_vc120.pdb”中寻找)；正在链接对象，如同没有调试信息一样
     1>xerces-c_3_1D.lib(XPathMatcherStack.obj) : warning LNK4099: 未找到 PDB“xerceslib_vc120.pdb”(使用“xerces-c_3_1D.lib(XPathMatcherStack.obj)”或在“G:\InHouseSourceCode\LFAQ\LFAQ\Debug\xerceslib_vc120.pdb”中寻找)；正在链接对象，如同没有调试信息一样
     1>xerces-c_3_1D.lib(XPathSymbols.obj) : warning LNK4099: 未找到 PDB“xerceslib_vc120.pdb”(使用“xerces-c_3_1D.lib(XPathSymbols.obj)”或在“G:\InHouseSourceCode\LFAQ\LFAQ\Debug\xerceslib_vc120.pdb”中寻找)；正在链接对象，如同没有调试信息一样
     1>xerces-c_3_1D.lib(sax2Dummy.obj) : warning LNK4099: 未找到 PDB“xerceslib_vc120.pdb”(使用“xerces-c_3_1D.lib(sax2Dummy.obj)”或在“G:\InHouseSourceCode\LFAQ\LFAQ\Debug\xerceslib_vc120.pdb”中寻找)；正在链接对象，如同没有调试信息一样
     1>xerces-c_3_1D.lib(DOMException.obj) : warning LNK4099: 未找到 PDB“xerceslib_vc120.pdb”(使用“xerces-c_3_1D.lib(DOMException.obj)”或在“G:\InHouseSourceCode\LFAQ\LFAQ\Debug\xerceslib_vc120.pdb”中寻找)；正在链接对象，如同没有调试信息一样
     1>xerces-c_3_1D.lib(DOMLSException.obj) : warning LNK4099: 未找到 PDB“xerceslib_vc120.pdb”(使用“xerces-c_3_1D.lib(DOMLSException.obj)”或在“G:\InHouseSourceCode\LFAQ\LFAQ\Debug\xerceslib_vc120.pdb”中寻找)；正在链接对象，如同没有调试信息一样
     1>xerces-c_3_1D.lib(DOMRangeException.obj) : warning LNK4099: 未找到 PDB“xerceslib_vc120.pdb”(使用“xerces-c_3_1D.lib(DOMRangeException.obj)”或在“G:\InHouseSourceCode\LFAQ\LFAQ\Debug\xerceslib_vc120.pdb”中寻找)；正在链接对象，如同没有调试信息一样
     1>xerces-c_3_1D.lib(DOMXPathException.obj) : warning LNK4099: 未找到 PDB“xerceslib_vc120.pdb”(使用“xerces-c_3_1D.lib(DOMXPathException.obj)”或在“G:\InHouseSourceCode\LFAQ\LFAQ\Debug\xerceslib_vc120.pdb”中寻找)；正在链接对象，如同没有调试信息一样
     1>xerces-c_3_1D.lib(DOMAttrImpl.obj) : warning LNK4099: 未找到 PDB“xerceslib_vc120.pdb”(使用“xerces-c_3_1D.lib(DOMAttrImpl.obj)”或在“G:\InHouseSourceCode\LFAQ\LFAQ\Debug\xerceslib_vc120.pdb”中寻找)；正在链接对象，如同没有调试信息一样
     1>xerces-c_3_1D.lib(DOMAttrMapImpl.obj) : warning LNK4099: 未找到 PDB“xerceslib_vc120.pdb”(使用“xerces-c_3_1D.lib(DOMAttrMapImpl.obj)”或在“G:\InHouseSourceCode\LFAQ\LFAQ\Debug\xerceslib_vc120.pdb”中寻找)；正在链接对象，如同没有调试信息一样
     1>xerces-c_3_1D.lib(DOMAttrNSImpl.obj) : warning LNK4099: 未找到 PDB“xerceslib_vc120.pdb”(使用“xerces-c_3_1D.lib(DOMAttrNSImpl.obj)”或在“G:\InHouseSourceCode\LFAQ\LFAQ\Debug\xerceslib_vc120.pdb”中寻找)；正在链接对象，如同没有调试信息一样
     1>xerces-c_3_1D.lib(DOMCDATASectionImpl.obj) : warning LNK4099: 未找到 PDB“xerceslib_vc120.pdb”(使用“xerces-c_3_1D.lib(DOMCDATASectionImpl.obj)”或在“G:\InHouseSourceCode\LFAQ\LFAQ\Debug\xerceslib_vc120.pdb”中寻找)；正在链接对象，如同没有调试信息一样
     1>xerces-c_3_1D.lib(DOMCharacterDataImpl.obj) : warning LNK4099: 未找到 PDB“xerceslib_vc120.pdb”(使用“xerces-c_3_1D.lib(DOMCharacterDataImpl.obj)”或在“G:\InHouseSourceCode\LFAQ\LFAQ\Debug\xerceslib_vc120.pdb”中寻找)；正在链接对象，如同没有调试信息一样
     1>xerces-c_3_1D.lib(DOMChildNode.obj) : warning LNK4099: 未找到 PDB“xerceslib_vc120.pdb”(使用“xerces-c_3_1D.lib(DOMChildNode.obj)”或在“G:\InHouseSourceCode\LFAQ\LFAQ\Debug\xerceslib_vc120.pdb”中寻找)；正在链接对象，如同没有调试信息一样
     1>xerces-c_3_1D.lib(DOMCommentImpl.obj) : warning LNK4099: 未找到 PDB“xerceslib_vc120.pdb”(使用“xerces-c_3_1D.lib(DOMCommentImpl.obj)”或在“G:\InHouseSourceCode\LFAQ\LFAQ\Debug\xerceslib_vc120.pdb”中寻找)；正在链接对象，如同没有调试信息一样
     1>xerces-c_3_1D.lib(DOMConfigurationImpl.obj) : warning LNK4099: 未找到 PDB“xerceslib_vc120.pdb”(使用“xerces-c_3_1D.lib(DOMConfigurationImpl.obj)”或在“G:\InHouseSourceCode\LFAQ\LFAQ\Debug\xerceslib_vc120.pdb”中寻找)；正在链接对象，如同没有调试信息一样
     1>xerces-c_3_1D.lib(DOMDeepNodeListImpl.obj) : warning LNK4099: 未找到 PDB“xerceslib_vc120.pdb”(使用“xerces-c_3_1D.lib(DOMDeepNodeListImpl.obj)”或在“G:\InHouseSourceCode\LFAQ\LFAQ\Debug\xerceslib_vc120.pdb”中寻找)；正在链接对象，如同没有调试信息一样
     1>xerces-c_3_1D.lib(DOMDocumentFragmentImpl.obj) : warning LNK4099: 未找到 PDB“xerceslib_vc120.pdb”(使用“xerces-c_3_1D.lib(DOMDocumentFragmentImpl.obj)”或在“G:\InHouseSourceCode\LFAQ\LFAQ\Debug\xerceslib_vc120.pdb”中寻找)；正在链接对象，如同没有调试信息一样
     1>xerces-c_3_1D.lib(DOMDocumentImpl.obj) : warning LNK4099: 未找到 PDB“xerceslib_vc120.pdb”(使用“xerces-c_3_1D.lib(DOMDocumentImpl.obj)”或在“G:\InHouseSourceCode\LFAQ\LFAQ\Debug\xerceslib_vc120.pdb”中寻找)；正在链接对象，如同没有调试信息一样
     1>xerces-c_3_1D.lib(DOMDocumentTypeImpl.obj) : warning LNK4099: 未找到 PDB“xerceslib_vc120.pdb”(使用“xerces-c_3_1D.lib(DOMDocumentTypeImpl.obj)”或在“G:\InHouseSourceCode\LFAQ\LFAQ\Debug\xerceslib_vc120.pdb”中寻找)；正在链接对象，如同没有调试信息一样
     1>xerces-c_3_1D.lib(DOMElementImpl.obj) : warning LNK4099: 未找到 PDB“xerceslib_vc120.pdb”(使用“xerces-c_3_1D.lib(DOMElementImpl.obj)”或在“G:\InHouseSourceCode\LFAQ\LFAQ\Debug\xerceslib_vc120.pdb”中寻找)；正在链接对象，如同没有调试信息一样
     1>xerces-c_3_1D.lib(DOMElementNSImpl.obj) : warning LNK4099: 未找到 PDB“xerceslib_vc120.pdb”(使用“xerces-c_3_1D.lib(DOMElementNSImpl.obj)”或在“G:\InHouseSourceCode\LFAQ\LFAQ\Debug\xerceslib_vc120.pdb”中寻找)；正在链接对象，如同没有调试信息一样
     1>xerces-c_3_1D.lib(DOMEntityImpl.obj) : warning LNK4099: 未找到 PDB“xerceslib_vc120.pdb”(使用“xerces-c_3_1D.lib(DOMEntityImpl.obj)”或在“G:\InHouseSourceCode\LFAQ\LFAQ\Debug\xerceslib_vc120.pdb”中寻找)；正在链接对象，如同没有调试信息一样
     1>xerces-c_3_1D.lib(DOMEntityReferenceImpl.obj) : warning LNK4099: 未找到 PDB“xerceslib_vc120.pdb”(使用“xerces-c_3_1D.lib(DOMEntityReferenceImpl.obj)”或在“G:\InHouseSourceCode\LFAQ\LFAQ\Debug\xerceslib_vc120.pdb”中寻找)；正在链接对象，如同没有调试信息一样
     1>xerces-c_3_1D.lib(DOMErrorImpl.obj) : warning LNK4099: 未找到 PDB“xerceslib_vc120.pdb”(使用“xerces-c_3_1D.lib(DOMErrorImpl.obj)”或在“G:\InHouseSourceCode\LFAQ\LFAQ\Debug\xerceslib_vc120.pdb”中寻找)；正在链接对象，如同没有调试信息一样
     1>xerces-c_3_1D.lib(DOMImplementationImpl.obj) : warning LNK4099: 未找到 PDB“xerceslib_vc120.pdb”(使用“xerces-c_3_1D.lib(DOMImplementationImpl.obj)”或在“G:\InHouseSourceCode\LFAQ\LFAQ\Debug\xerceslib_vc120.pdb”中寻找)；正在链接对象，如同没有调试信息一样
     1>xerces-c_3_1D.lib(DOMImplementationListImpl.obj) : warning LNK4099: 未找到 PDB“xerceslib_vc120.pdb”(使用“xerces-c_3_1D.lib(DOMImplementationListImpl.obj)”或在“G:\InHouseSourceCode\LFAQ\LFAQ\Debug\xerceslib_vc120.pdb”中寻找)；正在链接对象，如同没有调试信息一样
     1>xerces-c_3_1D.lib(DOMImplementationRegistry.obj) : warning LNK4099: 未找到 PDB“xerceslib_vc120.pdb”(使用“xerces-c_3_1D.lib(DOMImplementationRegistry.obj)”或在“G:\InHouseSourceCode\LFAQ\LFAQ\Debug\xerceslib_vc120.pdb”中寻找)；正在链接对象，如同没有调试信息一样
     1>xerces-c_3_1D.lib(DOMLocatorImpl.obj) : warning LNK4099: 未找到 PDB“xerceslib_vc120.pdb”(使用“xerces-c_3_1D.lib(DOMLocatorImpl.obj)”或在“G:\InHouseSourceCode\LFAQ\LFAQ\Debug\xerceslib_vc120.pdb”中寻找)；正在链接对象，如同没有调试信息一样
     1>xerces-c_3_1D.lib(DOMLSInputImpl.obj) : warning LNK4099: 未找到 PDB“xerceslib_vc120.pdb”(使用“xerces-c_3_1D.lib(DOMLSInputImpl.obj)”或在“G:\InHouseSourceCode\LFAQ\LFAQ\Debug\xerceslib_vc120.pdb”中寻找)；正在链接对象，如同没有调试信息一样
     1>xerces-c_3_1D.lib(DOMLSOutputImpl.obj) : warning LNK4099: 未找到 PDB“xerceslib_vc120.pdb”(使用“xerces-c_3_1D.lib(DOMLSOutputImpl.obj)”或在“G:\InHouseSourceCode\LFAQ\LFAQ\Debug\xerceslib_vc120.pdb”中寻找)；正在链接对象，如同没有调试信息一样
     1>xerces-c_3_1D.lib(DOMLSSerializerImpl.obj) : warning LNK4099: 未找到 PDB“xerceslib_vc120.pdb”(使用“xerces-c_3_1D.lib(DOMLSSerializerImpl.obj)”或在“G:\InHouseSourceCode\LFAQ\LFAQ\Debug\xerceslib_vc120.pdb”中寻找)；正在链接对象，如同没有调试信息一样
     1>xerces-c_3_1D.lib(DOMNamedNodeMapImpl.obj) : warning LNK4099: 未找到 PDB“xerceslib_vc120.pdb”(使用“xerces-c_3_1D.lib(DOMNamedNodeMapImpl.obj)”或在“G:\InHouseSourceCode\LFAQ\LFAQ\Debug\xerceslib_vc120.pdb”中寻找)；正在链接对象，如同没有调试信息一样
     1>xerces-c_3_1D.lib(DOMNodeIDMap.obj) : warning LNK4099: 未找到 PDB“xerceslib_vc120.pdb”(使用“xerces-c_3_1D.lib(DOMNodeIDMap.obj)”或在“G:\InHouseSourceCode\LFAQ\LFAQ\Debug\xerceslib_vc120.pdb”中寻找)；正在链接对象，如同没有调试信息一样
     1>xerces-c_3_1D.lib(DOMNodeImpl.obj) : warning LNK4099: 未找到 PDB“xerceslib_vc120.pdb”(使用“xerces-c_3_1D.lib(DOMNodeImpl.obj)”或在“G:\InHouseSourceCode\LFAQ\LFAQ\Debug\xerceslib_vc120.pdb”中寻找)；正在链接对象，如同没有调试信息一样
     1>xerces-c_3_1D.lib(DOMNodeIteratorImpl.obj) : warning LNK4099: 未找到 PDB“xerceslib_vc120.pdb”(使用“xerces-c_3_1D.lib(DOMNodeIteratorImpl.obj)”或在“G:\InHouseSourceCode\LFAQ\LFAQ\Debug\xerceslib_vc120.pdb”中寻找)；正在链接对象，如同没有调试信息一样
     1>xerces-c_3_1D.lib(DOMNodeListImpl.obj) : warning LNK4099: 未找到 PDB“xerceslib_vc120.pdb”(使用“xerces-c_3_1D.lib(DOMNodeListImpl.obj)”或在“G:\InHouseSourceCode\LFAQ\LFAQ\Debug\xerceslib_vc120.pdb”中寻找)；正在链接对象，如同没有调试信息一样
     1>xerces-c_3_1D.lib(DOMNodeVector.obj) : warning LNK4099: 未找到 PDB“xerceslib_vc120.pdb”(使用“xerces-c_3_1D.lib(DOMNodeVector.obj)”或在“G:\InHouseSourceCode\LFAQ\LFAQ\Debug\xerceslib_vc120.pdb”中寻找)；正在链接对象，如同没有调试信息一样
     1>xerces-c_3_1D.lib(DOMNormalizer.obj) : warning LNK4099: 未找到 PDB“xerceslib_vc120.pdb”(使用“xerces-c_3_1D.lib(DOMNormalizer.obj)”或在“G:\InHouseSourceCode\LFAQ\LFAQ\Debug\xerceslib_vc120.pdb”中寻找)；正在链接对象，如同没有调试信息一样
     1>xerces-c_3_1D.lib(DOMNotationImpl.obj) : warning LNK4099: 未找到 PDB“xerceslib_vc120.pdb”(使用“xerces-c_3_1D.lib(DOMNotationImpl.obj)”或在“G:\InHouseSourceCode\LFAQ\LFAQ\Debug\xerceslib_vc120.pdb”中寻找)；正在链接对象，如同没有调试信息一样
     1>xerces-c_3_1D.lib(DOMParentNode.obj) : warning LNK4099: 未找到 PDB“xerceslib_vc120.pdb”(使用“xerces-c_3_1D.lib(DOMParentNode.obj)”或在“G:\InHouseSourceCode\LFAQ\LFAQ\Debug\xerceslib_vc120.pdb”中寻找)；正在链接对象，如同没有调试信息一样
     1>xerces-c_3_1D.lib(DOMProcessingInstructionImpl.obj) : warning LNK4099: 未找到 PDB“xerceslib_vc120.pdb”(使用“xerces-c_3_1D.lib(DOMProcessingInstructionImpl.obj)”或在“G:\InHouseSourceCode\LFAQ\LFAQ\Debug\xerceslib_vc120.pdb”中寻找)；正在链接对象，如同没有调试信息一样
     1>xerces-c_3_1D.lib(DOMRangeImpl.obj) : warning LNK4099: 未找到 PDB“xerceslib_vc120.pdb”(使用“xerces-c_3_1D.lib(DOMRangeImpl.obj)”或在“G:\InHouseSourceCode\LFAQ\LFAQ\Debug\xerceslib_vc120.pdb”中寻找)；正在链接对象，如同没有调试信息一样
     1>xerces-c_3_1D.lib(DOMStringListImpl.obj) : warning LNK4099: 未找到 PDB“xerceslib_vc120.pdb”(使用“xerces-c_3_1D.lib(DOMStringListImpl.obj)”或在“G:\InHouseSourceCode\LFAQ\LFAQ\Debug\xerceslib_vc120.pdb”中寻找)；正在链接对象，如同没有调试信息一样
     1>xerces-c_3_1D.lib(DOMStringPool.obj) : warning LNK4099: 未找到 PDB“xerceslib_vc120.pdb”(使用“xerces-c_3_1D.lib(DOMStringPool.obj)”或在“G:\InHouseSourceCode\LFAQ\LFAQ\Debug\xerceslib_vc120.pdb”中寻找)；正在链接对象，如同没有调试信息一样
     1>xerces-c_3_1D.lib(DOMTextImpl.obj) : warning LNK4099: 未找到 PDB“xerceslib_vc120.pdb”(使用“xerces-c_3_1D.lib(DOMTextImpl.obj)”或在“G:\InHouseSourceCode\LFAQ\LFAQ\Debug\xerceslib_vc120.pdb”中寻找)；正在链接对象，如同没有调试信息一样
     1>xerces-c_3_1D.lib(DOMTreeWalkerImpl.obj) : warning LNK4099: 未找到 PDB“xerceslib_vc120.pdb”(使用“xerces-c_3_1D.lib(DOMTreeWalkerImpl.obj)”或在“G:\InHouseSourceCode\LFAQ\LFAQ\Debug\xerceslib_vc120.pdb”中寻找)；正在链接对象，如同没有调试信息一样
     1>xerces-c_3_1D.lib(DOMTypeInfoImpl.obj) : warning LNK4099: 未找到 PDB“xerceslib_vc120.pdb”(使用“xerces-c_3_1D.lib(DOMTypeInfoImpl.obj)”或在“G:\InHouseSourceCode\LFAQ\LFAQ\Debug\xerceslib_vc120.pdb”中寻找)；正在链接对象，如同没有调试信息一样
     1>xerces-c_3_1D.lib(DOMXPathExpressionImpl.obj) : warning LNK4099: 未找到 PDB“xerceslib_vc120.pdb”(使用“xerces-c_3_1D.lib(DOMXPathExpressionImpl.obj)”或在“G:\InHouseSourceCode\LFAQ\LFAQ\Debug\xerceslib_vc120.pdb”中寻找)；正在链接对象，如同没有调试信息一样
     1>xerces-c_3_1D.lib(DOMXPathNSResolverImpl.obj) : warning LNK4099: 未找到 PDB“xerceslib_vc120.pdb”(使用“xerces-c_3_1D.lib(DOMXPathNSResolverImpl.obj)”或在“G:\InHouseSourceCode\LFAQ\LFAQ\Debug\xerceslib_vc120.pdb”中寻找)；正在链接对象，如同没有调试信息一样
     1>xerces-c_3_1D.lib(DOMXPathResultImpl.obj) : warning LNK4099: 未找到 PDB“xerceslib_vc120.pdb”(使用“xerces-c_3_1D.lib(DOMXPathResultImpl.obj)”或在“G:\InHouseSourceCode\LFAQ\LFAQ\Debug\xerceslib_vc120.pdb”中寻找)；正在链接对象，如同没有调试信息一样
     1>xerces-c_3_1D.lib(XSDElementNSImpl.obj) : warning LNK4099: 未找到 PDB“xerceslib_vc120.pdb”(使用“xerces-c_3_1D.lib(XSDElementNSImpl.obj)”或在“G:\InHouseSourceCode\LFAQ\LFAQ\Debug\xerceslib_vc120.pdb”中寻找)；正在链接对象，如同没有调试信息一样
     1>xerces-c_3_1D.lib(XIncludeLocation.obj) : warning LNK4099: 未找到 PDB“xerceslib_vc120.pdb”(使用“xerces-c_3_1D.lib(XIncludeLocation.obj)”或在“G:\InHouseSourceCode\LFAQ\LFAQ\Debug\xerceslib_vc120.pdb”中寻找)；正在链接对象，如同没有调试信息一样
     1>xerces-c_3_1D.lib(XIncludeUtils.obj) : warning LNK4099: 未找到 PDB“xerceslib_vc120.pdb”(使用“xerces-c_3_1D.lib(XIncludeUtils.obj)”或在“G:\InHouseSourceCode\LFAQ\LFAQ\Debug\xerceslib_vc120.pdb”中寻找)；正在链接对象，如同没有调试信息一样
         Load.vcxproj -> G:\InHouseSourceCode\LFAQ\LFAQ\Debug\Load.exe
     1>已完成生成项目“G:\InHouseSourceCode\LFAQ\LFAQ\Load\Load.vcxproj”(Build 个目标)的操作。

生成成功。

已用时间 00:00:23.85
