生成启动时间为 2018/5/3 10:34:04。
     1>项目“G:\InHouseSourceCode\LFAQ\LFAQ\ProteinAbsoluteQuan\ProteinAbsoluteQuan.vcxproj”在节点 2 上(Build 个目标)。
     1>ClCompile:
         I:\Program Files (x86)\Microsoft Visual Studio 12.0\VC\bin\CL.exe /c /I"H:\proteowizard-code\pwiz\libraries\boost_1_56_0" /Zi /nologo /W3 /WX- /O2 /Oi /Oy- /GL /D WIN32 /D NDEBUG /D _CONSOLE /D _UNICODE /D UNICODE /Gm- /EHsc /MD /GS /Gy /fp:precise /Zc:wchar_t /Zc:forScope /Yu"stdafx.h" /Fp"Release\ProteinAbsoluteQuan.pch" /Fo"Release\\" /Fd"Release\vc120.pdb" /Gd /TP /analyze- /errorReport:prompt ProteinAbsoluteQuan.cpp
         ProteinAbsoluteQuan.cpp
     1>H:\proteowizard-code\pwiz\libraries\boost_1_56_0\boost/format/alt_sstream_impl.hpp : warning C4819: 该文件包含不能在当前代码页(936)中表示的字符。请将该文件保存为 Unicode 格式以防止数据丢失
       Link:
         I:\Program Files (x86)\Microsoft Visual Studio 12.0\VC\bin\link.exe /ERRORREPORT:PROMPT /OUT:"G:\InHouseSourceCode\LFAQ\LFAQ\Release\ProteinAbsoluteQuan.exe" /INCREMENTAL:NO /NOLOGO /LIBPATH:d:\software_set\vs2013\contrib_win64_build\lib\win32\ kernel32.lib user32.lib gdi32.lib winspool.lib comdlg32.lib advapi32.lib shell32.lib ole32.lib oleaut32.lib uuid.lib odbc32.lib odbccp32.lib /MANIFEST /MANIFESTUAC:"level='asInvoker' uiAccess='false'" /manifest:embed /DEBUG /PDB:"G:\InHouseSourceCode\LFAQ\LFAQ\Release\ProteinAbsoluteQuan.pdb" /SUBSYSTEM:CONSOLE /OPT:REF /OPT:ICF /LTCG /TLBID:1 /DYNAMICBASE /NXCOMPAT /IMPLIB:"G:\InHouseSourceCode\LFAQ\LFAQ\Release\ProteinAbsoluteQuan.lib" /MACHINE:X86 /SAFESEH Release\BARTRegression.obj
         Release\BasicClass.obj
         Release\bd.obj
         Release\BootstrapLinearRegression.obj
         Release\CLog.obj
         Release\Constants.obj
         Release\funs.obj
         Release\PepAttributeWorker.obj
         Release\ProteinAbsoluteQuan.obj
         Release\ProteinDigestion.obj
         Release\ProteinWorker.obj
         Release\QuantificationParam.obj
         Release\Regression.obj
         Release\rng.obj
         Release\stdafx.obj
         Release\stepwise.obj
         Release\tree.obj
         正在生成代码
     1>g:\inhousesourcecode\lfaq\lfaq\proteinabsolutequan\proteinworker.cpp(2196): warning C4715: “CProteinWorker::mf_LoadProteinLFAQpep”: 不是所有的控件路径都返回值
         已完成代码的生成
         ProteinAbsoluteQuan.vcxproj -> G:\InHouseSourceCode\LFAQ\LFAQ\Release\ProteinAbsoluteQuan.exe
     1>已完成生成项目“G:\InHouseSourceCode\LFAQ\LFAQ\ProteinAbsoluteQuan\ProteinAbsoluteQuan.vcxproj”(Build 个目标)的操作。

生成成功。

已用时间 00:00:16.47
