g:\inhousesourcecode\lfaq\lfaq\proteinabsolutequan\release\proteinabsolutequan.pch
g:\inhousesourcecode\lfaq\lfaq\proteinabsolutequan\release\vc120.pdb
g:\inhousesourcecode\lfaq\lfaq\proteinabsolutequan\release\stdafx.obj
g:\inhousesourcecode\lfaq\lfaq\proteinabsolutequan\release\tree.obj
g:\inhousesourcecode\lfaq\lfaq\proteinabsolutequan\release\stepwise.obj
g:\inhousesourcecode\lfaq\lfaq\proteinabsolutequan\release\rng.obj
g:\inhousesourcecode\lfaq\lfaq\proteinabsolutequan\release\regression.obj
g:\inhousesourcecode\lfaq\lfaq\proteinabsolutequan\release\quantificationparam.obj
g:\inhousesourcecode\lfaq\lfaq\proteinabsolutequan\release\proteinworker.obj
g:\inhousesourcecode\lfaq\lfaq\proteinabsolutequan\release\proteindigestion.obj
g:\inhousesourcecode\lfaq\lfaq\proteinabsolutequan\release\proteinabsolutequan.obj
g:\inhousesourcecode\lfaq\lfaq\proteinabsolutequan\release\pepattributeworker.obj
g:\inhousesourcecode\lfaq\lfaq\proteinabsolutequan\release\funs.obj
g:\inhousesourcecode\lfaq\lfaq\proteinabsolutequan\release\constants.obj
g:\inhousesourcecode\lfaq\lfaq\proteinabsolutequan\release\clog.obj
g:\inhousesourcecode\lfaq\lfaq\proteinabsolutequan\release\bootstraplinearregression.obj
g:\inhousesourcecode\lfaq\lfaq\proteinabsolutequan\release\bd.obj
g:\inhousesourcecode\lfaq\lfaq\proteinabsolutequan\release\basicclass.obj
g:\inhousesourcecode\lfaq\lfaq\proteinabsolutequan\release\bartregression.obj
g:\inhousesourcecode\lfaq\lfaq\release\proteinabsolutequan.exe
g:\inhousesourcecode\lfaq\lfaq\release\proteinabsolutequan.pdb
g:\inhousesourcecode\lfaq\lfaq\proteinabsolutequan\release\proteina.aa89c768.tlog\cl.command.1.tlog
g:\inhousesourcecode\lfaq\lfaq\proteinabsolutequan\release\proteina.aa89c768.tlog\cl.read.1.tlog
g:\inhousesourcecode\lfaq\lfaq\proteinabsolutequan\release\proteina.aa89c768.tlog\cl.write.1.tlog
g:\inhousesourcecode\lfaq\lfaq\proteinabsolutequan\release\proteina.aa89c768.tlog\link.command.1.tlog
g:\inhousesourcecode\lfaq\lfaq\proteinabsolutequan\release\proteina.aa89c768.tlog\link.read.1.tlog
g:\inhousesourcecode\lfaq\lfaq\proteinabsolutequan\release\proteina.aa89c768.tlog\link.write.1.tlog
