生成启动时间为 2018/4/29 7:08:10。
     1>项目“G:\InHouseSourceCode\LFAQ\LFAQ\Load\Load.vcxproj”在节点 2 上(Build 个目标)。
     1>ClCompile:
         I:\Program Files (x86)\Microsoft Visual Studio 12.0\VC\bin\CL.exe /c /I"G:\code\ccode\xerces-c-3.1.4\src" /I..\ProteinAbsoluteQuan /Zi /nologo /W3 /WX- /sdl /O2 /Oi /Oy- /GL /D WIN32 /D NDEBUG /D _CONSOLE /D _LIB /D _CRT_SECURE_NO_WARNINGS /D _UNICODE /D UNICODE /Gm- /EHsc /MT /GS /Gy /fp:precise /Zc:wchar_t /Zc:forScope /Yc"stdafx.h" /Fp"Release\Load.pch" /Fo"Release\\" /Fd"Release\vc120.pdb" /Gd /TP /analyze- /errorReport:prompt stdafx.cpp
         stdafx.cpp
         I:\Program Files (x86)\Microsoft Visual Studio 12.0\VC\bin\CL.exe /c /I"G:\code\ccode\xerces-c-3.1.4\src" /I..\ProteinAbsoluteQuan /Zi /nologo /W3 /WX- /sdl /O2 /Oi /Oy- /GL /D WIN32 /D NDEBUG /D _CONSOLE /D _LIB /D _CRT_SECURE_NO_WARNINGS /D _UNICODE /D UNICODE /Gm- /EHsc /MT /GS /Gy /fp:precise /Zc:wchar_t /Zc:forScope /Yu"stdafx.h" /Fp"Release\Load.pch" /Fo"Release\\" /Fd"Release\vc120.pdb" /Gd /TP /analyze- /errorReport:prompt ..\ProteinAbsoluteQuan\BasicClass.cpp ..\ProteinAbsoluteQuan\CLog.cpp ControlledVocabulary.cpp load.cpp DataIO.cpp loadParam.cpp MzQuantMLHandler.cpp QuantInformation.cpp XMLHandler.cpp
         BasicClass.cpp
     1>..\ProteinAbsoluteQuan\BasicClass.cpp(649): warning C4018: “<”: 有符号/无符号不匹配
     1>..\ProteinAbsoluteQuan\BasicClass.cpp(738): warning C4018: “<”: 有符号/无符号不匹配
     1>..\ProteinAbsoluteQuan\BasicClass.cpp(763): warning C4018: “<”: 有符号/无符号不匹配
     1>..\ProteinAbsoluteQuan\BasicClass.cpp(806): warning C4244: “参数”: 从“double”转换到“unsigned int”，可能丢失数据
     1>..\ProteinAbsoluteQuan\BasicClass.cpp(848): warning C4018: “<”: 有符号/无符号不匹配
     1>..\ProteinAbsoluteQuan\BasicClass.cpp(907): warning C4244: “参数”: 从“double”转换到“unsigned int”，可能丢失数据
     1>..\ProteinAbsoluteQuan\BasicClass.cpp(908): warning C4244: “参数”: 从“double”转换到“unsigned int”，可能丢失数据
     1>..\ProteinAbsoluteQuan\BasicClass.cpp(909): warning C4244: “参数”: 从“double”转换到“unsigned int”，可能丢失数据
     1>..\ProteinAbsoluteQuan\BasicClass.cpp(913): warning C4244: “参数”: 从“double”转换到“unsigned int”，可能丢失数据
     1>..\ProteinAbsoluteQuan\BasicClass.cpp(915): warning C4244: “参数”: 从“double”转换到“unsigned int”，可能丢失数据
     1>..\ProteinAbsoluteQuan\BasicClass.cpp(920): warning C4244: “参数”: 从“double”转换到“unsigned int”，可能丢失数据
     1>..\ProteinAbsoluteQuan\BasicClass.cpp(921): warning C4244: “参数”: 从“double”转换到“unsigned int”，可能丢失数据
     1>..\ProteinAbsoluteQuan\BasicClass.cpp(922): warning C4244: “参数”: 从“double”转换到“unsigned int”，可能丢失数据
     1>..\ProteinAbsoluteQuan\BasicClass.cpp(996): warning C4800: “int”: 将值强制为布尔值“true”或“false”(性能警告)
     1>..\ProteinAbsoluteQuan\BasicClass.cpp(1069): warning C4018: “<”: 有符号/无符号不匹配
     1>..\ProteinAbsoluteQuan\BasicClass.cpp(1084): warning C4018: “<”: 有符号/无符号不匹配
         CLog.cpp
         ControlledVocabulary.cpp
         load.cpp
         DataIO.cpp
     1>DataIO.cpp(174): warning C4244: “参数”: 从“double”转换到“unsigned int”，可能丢失数据
     1>DataIO.cpp(233): warning C4018: “<”: 有符号/无符号不匹配
     1>DataIO.cpp(243): warning C4018: “<”: 有符号/无符号不匹配
     1>DataIO.cpp(757): warning C4018: “<”: 有符号/无符号不匹配
     1>DataIO.cpp(905): warning C4018: “<”: 有符号/无符号不匹配
     1>DataIO.cpp(784): warning C4101: “pstr2”: 未引用的局部变量
     1>DataIO.cpp(1121): warning C4018: “<”: 有符号/无符号不匹配
     1>DataIO.cpp(1338): warning C4018: “<”: 有符号/无符号不匹配
     1>DataIO.cpp(1397): warning C4018: “<”: 有符号/无符号不匹配
     1>DataIO.cpp(1736): warning C4101: “toCatch”: 未引用的局部变量
     1>DataIO.cpp(1805): warning C4018: “<”: 有符号/无符号不匹配
     1>DataIO.cpp(1826): warning C4018: “<”: 有符号/无符号不匹配
     1>DataIO.cpp(1867): warning C4018: “<”: 有符号/无符号不匹配
     1>DataIO.cpp(1875): warning C4018: “<”: 有符号/无符号不匹配
     1>DataIO.cpp(1883): warning C4018: “<”: 有符号/无符号不匹配
     1>DataIO.cpp(1934): warning C4018: “<”: 有符号/无符号不匹配
     1>DataIO.cpp(1986): warning C4018: “<”: 有符号/无符号不匹配
     1>DataIO.cpp(2063): warning C4018: “<”: 有符号/无符号不匹配
     1>DataIO.cpp(2084): warning C4018: “<”: 有符号/无符号不匹配
     1>DataIO.cpp(2110): warning C4018: “<”: 有符号/无符号不匹配
     1>DataIO.cpp(2186): warning C4018: “<”: 有符号/无符号不匹配
     1>DataIO.cpp(2195): warning C4018: “<”: 有符号/无符号不匹配
     1>DataIO.cpp(2198): warning C4018: “<”: 有符号/无符号不匹配
     1>DataIO.cpp(2219): warning C4018: “<”: 有符号/无符号不匹配
     1>DataIO.cpp(2235): warning C4018: “<”: 有符号/无符号不匹配
     1>DataIO.cpp(2255): warning C4018: “<”: 有符号/无符号不匹配
     1>DataIO.cpp(2258): warning C4018: “<”: 有符号/无符号不匹配
     1>DataIO.cpp(2272): warning C4018: “<”: 有符号/无符号不匹配
     1>DataIO.cpp(2279): warning C4018: “<”: 有符号/无符号不匹配
     1>DataIO.cpp(2283): warning C4018: “<”: 有符号/无符号不匹配
     1>DataIO.cpp(2322): warning C4018: “<”: 有符号/无符号不匹配
     1>DataIO.cpp(2355): warning C4018: “<”: 有符号/无符号不匹配
     1>DataIO.cpp(2359): warning C4018: “<”: 有符号/无符号不匹配
     1>DataIO.cpp(2491): warning C4018: “<”: 有符号/无符号不匹配
     1>DataIO.cpp(2501): warning C4018: “<”: 有符号/无符号不匹配
     1>DataIO.cpp(2544): warning C4018: “<”: 有符号/无符号不匹配
     1>DataIO.cpp(2627): warning C4018: “<”: 有符号/无符号不匹配
     1>DataIO.cpp(2635): warning C4018: “<”: 有符号/无符号不匹配
         loadParam.cpp
     1>loadParam.cpp(240): warning C4806: “==”: 不安全操作: 从类型“bool”提升到类型“int”的值不能等于给定的常量
     1>loadParam.cpp(286): warning C4806: “==”: 不安全操作: 从类型“bool”提升到类型“int”的值不能等于给定的常量
         MzQuantMLHandler.cpp
     1>MzQuantMLHandler.cpp(231): warning C4018: “<”: 有符号/无符号不匹配
         QuantInformation.cpp
         XMLHandler.cpp
       Link:
         I:\Program Files (x86)\Microsoft Visual Studio 12.0\VC\bin\link.exe /ERRORREPORT:PROMPT /OUT:"G:\InHouseSourceCode\LFAQ\LFAQ\Release\Load.exe" /INCREMENTAL:NO /NOLOGO /LIBPATH:"G:\code\ccode\xerces-c-3.1.4\Build\Win32\VC12\Release" "xerces-c_3.lib" kernel32.lib user32.lib gdi32.lib winspool.lib comdlg32.lib advapi32.lib shell32.lib ole32.lib oleaut32.lib uuid.lib odbc32.lib odbccp32.lib /MANIFEST /MANIFESTUAC:"level='asInvoker' uiAccess='false'" /manifest:embed /DEBUG /PDB:"G:\InHouseSourceCode\LFAQ\LFAQ\Release\Load.pdb" /SUBSYSTEM:CONSOLE /OPT:REF /OPT:ICF /LTCG /TLBID:1 /DYNAMICBASE /NXCOMPAT /IMPLIB:"G:\InHouseSourceCode\LFAQ\LFAQ\Release\Load.lib" /MACHINE:X86 /SAFESEH Release\BasicClass.obj
         Release\CLog.obj
         Release\ControlledVocabulary.obj
         Release\load.obj
         Release\DataIO.obj
         Release\loadParam.obj
         Release\MzQuantMLHandler.obj
         Release\QuantInformation.obj
         Release\stdafx.obj
         Release\XMLHandler.obj
         正在生成代码
         已完成代码的生成
         Load.vcxproj -> G:\InHouseSourceCode\LFAQ\LFAQ\Release\Load.exe
     1>已完成生成项目“G:\InHouseSourceCode\LFAQ\LFAQ\Load\Load.vcxproj”(Build 个目标)的操作。

生成成功。

已用时间 00:00:14.23
