g:\inhousesourcecode\lfaq\lfaq\load\release\load.pch
g:\inhousesourcecode\lfaq\lfaq\load\release\vc120.pdb
g:\inhousesourcecode\lfaq\lfaq\load\release\stdafx.obj
g:\inhousesourcecode\lfaq\lfaq\load\release\xmlhandler.obj
g:\inhousesourcecode\lfaq\lfaq\load\release\quantinformation.obj
g:\inhousesourcecode\lfaq\lfaq\load\release\mzquantmlhandler.obj
g:\inhousesourcecode\lfaq\lfaq\load\release\loadparam.obj
g:\inhousesourcecode\lfaq\lfaq\load\release\dataio.obj
g:\inhousesourcecode\lfaq\lfaq\load\release\load.obj
g:\inhousesourcecode\lfaq\lfaq\load\release\controlledvocabulary.obj
g:\inhousesourcecode\lfaq\lfaq\load\release\clog.obj
g:\inhousesourcecode\lfaq\lfaq\load\release\basicclass.obj
g:\inhousesourcecode\lfaq\lfaq\release\load.exe
g:\inhousesourcecode\lfaq\lfaq\release\load.pdb
g:\inhousesourcecode\lfaq\lfaq\load\release\load.tlog\cl.command.1.tlog
g:\inhousesourcecode\lfaq\lfaq\load\release\load.tlog\cl.read.1.tlog
g:\inhousesourcecode\lfaq\lfaq\load\release\load.tlog\cl.write.1.tlog
g:\inhousesourcecode\lfaq\lfaq\load\release\load.tlog\link.command.1.tlog
g:\inhousesourcecode\lfaq\lfaq\load\release\load.tlog\link.read.1.tlog
g:\inhousesourcecode\lfaq\lfaq\load\release\load.tlog\link.write.1.tlog
