生成启动时间为 2018/4/28 23:34:31。
     1>项目“G:\InHouseSourceCode\LFAQ\LFAQ\ProteinAbsoluteQuan\ProteinAbsoluteQuan.vcxproj”在节点 2 上(Build 个目标)。
     1>ClCompile:
         I:\Program Files (x86)\Microsoft Visual Studio 12.0\VC\bin\CL.exe /c /I"H:\proteowizard-code\pwiz\libraries\boost_1_56_0" /ZI /nologo /W3 /WX- /Od /Oy- /D WIN32 /D _DEBUG /D _CONSOLE /D Debug_Mode /D _UNICODE /D UNICODE /Gm /EHsc /RTC1 /MTd /GS /fp:precise /Zc:wchar_t /Zc:forScope /Yu"stdafx.h" /Fp"Debug\ProteinAbsoluteQuan.pch" /Fo"Debug\\" /Fd"Debug\vc120.pdb" /Gd /TP /analyze- /errorReport:prompt ProteinWorker.cpp
         ProteinWorker.cpp
     1>h:\proteowizard-code\pwiz\libraries\boost_1_56_0\boost\format\alt_sstream_impl.hpp : warning C4819: 该文件包含不能在当前代码页(936)中表示的字符。请将该文件保存为 Unicode 格式以防止数据丢失
     1>g:\inhousesourcecode\lfaq\lfaq\proteinabsolutequan\proteinworker.cpp(160): warning C4018: “<”: 有符号/无符号不匹配
     1>g:\inhousesourcecode\lfaq\lfaq\proteinabsolutequan\proteinworker.cpp(204): warning C4800: “int”: 将值强制为布尔值“true”或“false”(性能警告)
     1>g:\inhousesourcecode\lfaq\lfaq\proteinabsolutequan\proteinworker.cpp(352): warning C4018: “<”: 有符号/无符号不匹配
     1>g:\inhousesourcecode\lfaq\lfaq\proteinabsolutequan\proteinworker.cpp(456): warning C4018: “<”: 有符号/无符号不匹配
     1>g:\inhousesourcecode\lfaq\lfaq\proteinabsolutequan\proteinworker.cpp(484): warning C4018: “<”: 有符号/无符号不匹配
     1>g:\inhousesourcecode\lfaq\lfaq\proteinabsolutequan\proteinworker.cpp(628): warning C4244: “初始化”: 从“std::chrono::system_clock::rep”转换到“int”，可能丢失数据
     1>g:\inhousesourcecode\lfaq\lfaq\proteinabsolutequan\proteinworker.cpp(644): warning C4018: “<”: 有符号/无符号不匹配
     1>g:\inhousesourcecode\lfaq\lfaq\proteinabsolutequan\proteinworker.cpp(681): warning C4244: “=”: 从“double”转换到“int”，可能丢失数据
     1>g:\inhousesourcecode\lfaq\lfaq\proteinabsolutequan\proteinworker.cpp(683): warning C4018: “<”: 有符号/无符号不匹配
     1>g:\inhousesourcecode\lfaq\lfaq\proteinabsolutequan\proteinworker.cpp(697): warning C4018: “<”: 有符号/无符号不匹配
     1>g:\inhousesourcecode\lfaq\lfaq\proteinabsolutequan\proteinworker.cpp(770): warning C4018: “<”: 有符号/无符号不匹配
     1>g:\inhousesourcecode\lfaq\lfaq\proteinabsolutequan\proteinworker.cpp(805): warning C4018: “<”: 有符号/无符号不匹配
     1>g:\inhousesourcecode\lfaq\lfaq\proteinabsolutequan\proteinworker.cpp(856): warning C4018: “<”: 有符号/无符号不匹配
     1>g:\inhousesourcecode\lfaq\lfaq\proteinabsolutequan\proteinworker.cpp(911): warning C4018: “<”: 有符号/无符号不匹配
     1>g:\inhousesourcecode\lfaq\lfaq\proteinabsolutequan\proteinworker.cpp(962): warning C4018: “<”: 有符号/无符号不匹配
     1>g:\inhousesourcecode\lfaq\lfaq\proteinabsolutequan\proteinworker.cpp(1016): warning C4018: “<”: 有符号/无符号不匹配
     1>g:\inhousesourcecode\lfaq\lfaq\proteinabsolutequan\proteinworker.cpp(1068): warning C4018: “<”: 有符号/无符号不匹配
     1>g:\inhousesourcecode\lfaq\lfaq\proteinabsolutequan\proteinworker.cpp(1209): warning C4018: “<”: 有符号/无符号不匹配
     1>g:\inhousesourcecode\lfaq\lfaq\proteinabsolutequan\proteinworker.cpp(1501): warning C4018: “<”: 有符号/无符号不匹配
     1>g:\inhousesourcecode\lfaq\lfaq\proteinabsolutequan\proteinworker.cpp(1395): warning C4101: “stEnd”: 未引用的局部变量
     1>g:\inhousesourcecode\lfaq\lfaq\proteinabsolutequan\proteinworker.cpp(1395): warning C4101: “stStart”: 未引用的局部变量
     1>g:\inhousesourcecode\lfaq\lfaq\proteinabsolutequan\proteinworker.cpp(1544): warning C4018: “<”: 有符号/无符号不匹配
     1>g:\inhousesourcecode\lfaq\lfaq\proteinabsolutequan\proteinworker.cpp(1567): warning C4018: “<”: 有符号/无符号不匹配
     1>g:\inhousesourcecode\lfaq\lfaq\proteinabsolutequan\proteinworker.cpp(1702): warning C4018: “<”: 有符号/无符号不匹配
     1>g:\inhousesourcecode\lfaq\lfaq\proteinabsolutequan\proteinworker.cpp(1704): warning C4018: “<”: 有符号/无符号不匹配
     1>g:\inhousesourcecode\lfaq\lfaq\proteinabsolutequan\proteinworker.cpp(1722): warning C4018: “<”: 有符号/无符号不匹配
     1>g:\inhousesourcecode\lfaq\lfaq\proteinabsolutequan\proteinworker.cpp(1740): warning C4018: “<”: 有符号/无符号不匹配
     1>g:\inhousesourcecode\lfaq\lfaq\proteinabsolutequan\proteinworker.cpp(1746): warning C4018: “<”: 有符号/无符号不匹配
     1>g:\inhousesourcecode\lfaq\lfaq\proteinabsolutequan\proteinworker.cpp(1753): warning C4018: “<”: 有符号/无符号不匹配
     1>g:\inhousesourcecode\lfaq\lfaq\proteinabsolutequan\proteinworker.cpp(1759): warning C4018: “<”: 有符号/无符号不匹配
     1>g:\inhousesourcecode\lfaq\lfaq\proteinabsolutequan\proteinworker.cpp(1772): warning C4018: “<”: 有符号/无符号不匹配
     1>g:\inhousesourcecode\lfaq\lfaq\proteinabsolutequan\proteinworker.cpp(1803): warning C4018: “<”: 有符号/无符号不匹配
     1>g:\inhousesourcecode\lfaq\lfaq\proteinabsolutequan\proteinworker.cpp(1842): warning C4018: “<”: 有符号/无符号不匹配
     1>g:\inhousesourcecode\lfaq\lfaq\proteinabsolutequan\proteinworker.cpp(1858): warning C4018: “<”: 有符号/无符号不匹配
     1>g:\inhousesourcecode\lfaq\lfaq\proteinabsolutequan\proteinworker.cpp(2217): warning C4018: “<”: 有符号/无符号不匹配
     1>g:\inhousesourcecode\lfaq\lfaq\proteinabsolutequan\proteinworker.cpp(2224): warning C4018: “<”: 有符号/无符号不匹配
     1>g:\inhousesourcecode\lfaq\lfaq\proteinabsolutequan\proteinworker.cpp(2243): warning C4018: “<”: 有符号/无符号不匹配
     1>g:\inhousesourcecode\lfaq\lfaq\proteinabsolutequan\proteinworker.cpp(2255): warning C4018: “<”: 有符号/无符号不匹配
     1>g:\inhousesourcecode\lfaq\lfaq\proteinabsolutequan\proteinworker.cpp(2297): warning C4018: “<”: 有符号/无符号不匹配
     1>g:\inhousesourcecode\lfaq\lfaq\proteinabsolutequan\proteinworker.cpp(2341): warning C4018: “<”: 有符号/无符号不匹配
     1>g:\inhousesourcecode\lfaq\lfaq\proteinabsolutequan\proteinworker.cpp(2459): warning C4018: “<”: 有符号/无符号不匹配
     1>g:\inhousesourcecode\lfaq\lfaq\proteinabsolutequan\proteinworker.cpp(2463): warning C4018: “<”: 有符号/无符号不匹配
     1>g:\inhousesourcecode\lfaq\lfaq\proteinabsolutequan\proteinworker.cpp(2468): warning C4018: “<”: 有符号/无符号不匹配
     1>g:\inhousesourcecode\lfaq\lfaq\proteinabsolutequan\proteinworker.cpp(2475): warning C4018: “<”: 有符号/无符号不匹配
     1>g:\inhousesourcecode\lfaq\lfaq\proteinabsolutequan\proteinworker.cpp(2483): warning C4018: “<”: 有符号/无符号不匹配
     1>g:\inhousesourcecode\lfaq\lfaq\proteinabsolutequan\proteinworker.cpp(2489): warning C4018: “<”: 有符号/无符号不匹配
     1>g:\inhousesourcecode\lfaq\lfaq\proteinabsolutequan\proteinworker.cpp(2496): warning C4018: “<”: 有符号/无符号不匹配
     1>g:\inhousesourcecode\lfaq\lfaq\proteinabsolutequan\proteinworker.cpp(2504): warning C4018: “<”: 有符号/无符号不匹配
     1>g:\inhousesourcecode\lfaq\lfaq\proteinabsolutequan\proteinworker.cpp(2579): warning C4018: “<”: 有符号/无符号不匹配
     1>g:\inhousesourcecode\lfaq\lfaq\proteinabsolutequan\proteinworker.cpp(2735): warning C4018: “<=”: 有符号/无符号不匹配
     1>g:\inhousesourcecode\lfaq\lfaq\proteinabsolutequan\proteinworker.cpp(2944): warning C4101: “stEnd”: 未引用的局部变量
     1>g:\inhousesourcecode\lfaq\lfaq\proteinabsolutequan\proteinworker.cpp(2944): warning C4101: “stStart”: 未引用的局部变量
     1>g:\inhousesourcecode\lfaq\lfaq\proteinabsolutequan\proteinworker.cpp(3115): warning C4101: “stEnd”: 未引用的局部变量
     1>g:\inhousesourcecode\lfaq\lfaq\proteinabsolutequan\proteinworker.cpp(3115): warning C4101: “stStart”: 未引用的局部变量
     1>g:\inhousesourcecode\lfaq\lfaq\proteinabsolutequan\proteinworker.cpp(3304): warning C4101: “stEnd”: 未引用的局部变量
     1>g:\inhousesourcecode\lfaq\lfaq\proteinabsolutequan\proteinworker.cpp(3304): warning C4101: “stStart”: 未引用的局部变量
     1>g:\inhousesourcecode\lfaq\lfaq\proteinabsolutequan\proteinworker.cpp(3682): warning C4018: “<”: 有符号/无符号不匹配
     1>g:\inhousesourcecode\lfaq\lfaq\proteinabsolutequan\proteinworker.cpp(3686): warning C4018: “<”: 有符号/无符号不匹配
     1>g:\inhousesourcecode\lfaq\lfaq\proteinabsolutequan\proteinworker.cpp(2196): warning C4715: “CProteinWorker::mf_LoadProteinLFAQpep”: 不是所有的控件路径都返回值
       Link:
         I:\Program Files (x86)\Microsoft Visual Studio 12.0\VC\bin\link.exe /ERRORREPORT:PROMPT /OUT:"G:\InHouseSourceCode\LFAQ\LFAQ\Debug\ProteinAbsoluteQuan.exe" /INCREMENTAL /NOLOGO kernel32.lib user32.lib gdi32.lib winspool.lib comdlg32.lib advapi32.lib shell32.lib ole32.lib oleaut32.lib uuid.lib odbc32.lib odbccp32.lib /MANIFEST /MANIFESTUAC:"level='asInvoker' uiAccess='false'" /manifest:embed /DEBUG /PDB:"G:\InHouseSourceCode\LFAQ\LFAQ\Debug\ProteinAbsoluteQuan.pdb" /SUBSYSTEM:CONSOLE /TLBID:1 /DYNAMICBASE /NXCOMPAT /IMPLIB:"G:\InHouseSourceCode\LFAQ\LFAQ\Debug\ProteinAbsoluteQuan.lib" /MACHINE:X86 /SAFESEH Debug\BARTRegression.obj
         Debug\BasicClass.obj
         Debug\bd.obj
         Debug\BootstrapLinearRegression.obj
         Debug\CLog.obj
         Debug\Constants.obj
         Debug\funs.obj
         Debug\PepAttributeWorker.obj
         Debug\ProteinAbsoluteQuan.obj
         Debug\ProteinDigestion.obj
         Debug\ProteinWorker.obj
         Debug\QuantificationParam.obj
         Debug\Regression.obj
         Debug\rng.obj
         Debug\stdafx.obj
         Debug\stepwise.obj
         Debug\tree.obj
         ProteinAbsoluteQuan.vcxproj -> G:\InHouseSourceCode\LFAQ\LFAQ\Debug\ProteinAbsoluteQuan.exe
     1>已完成生成项目“G:\InHouseSourceCode\LFAQ\LFAQ\ProteinAbsoluteQuan\ProteinAbsoluteQuan.vcxproj”(Build 个目标)的操作。

生成成功。

已用时间 00:00:04.87
